2019-04-30 09:21:58,642 [Thread-7] INFO  org.springframework.scheduling.concurrent.ThreadPoolTaskExecutor - Shutting down ExecutorService 'applicationTaskExecutor'
2019-04-30 09:22:16,147 [main] INFO  com.example.demo.DemoApplication - Starting DemoApplication on DESKTOP-0JHC5DK with PID 10904 (D:\ideaProject\boot\target\classes started by lxl in D:\ideaProject\boot)
2019-04-30 09:22:16,153 [main] INFO  com.example.demo.DemoApplication - No active profile set, falling back to default profiles: default
2019-04-30 09:22:17,698 [main] INFO  org.springframework.boot.web.embedded.tomcat.TomcatWebServer - Tomcat initialized with port(s): 8080 (http)
2019-04-30 09:22:17,713 [main] INFO  org.apache.coyote.http11.Http11NioProtocol - Initializing ProtocolHandler ["http-nio-8080"]
2019-04-30 09:22:17,724 [main] INFO  org.apache.catalina.core.StandardService - Starting service [Tomcat]
2019-04-30 09:22:17,725 [main] INFO  org.apache.catalina.core.StandardEngine - Starting Servlet engine: [Apache Tomcat/9.0.17]
2019-04-30 09:22:17,913 [main] INFO  org.apache.catalina.core.ContainerBase.[Tomcat].[localhost].[/] - Initializing Spring embedded WebApplicationContext
2019-04-30 09:22:17,913 [main] INFO  org.springframework.web.context.ContextLoader - Root WebApplicationContext: initialization completed in 1661 ms
2019-04-30 09:22:18,696 [main] INFO  org.springframework.scheduling.concurrent.ThreadPoolTaskExecutor - Initializing ExecutorService 'applicationTaskExecutor'
2019-04-30 09:22:18,828 [main] INFO  org.springframework.boot.autoconfigure.web.servlet.WelcomePageHandlerMapping - Adding welcome page template: index
2019-04-30 09:22:18,978 [main] INFO  org.apache.coyote.http11.Http11NioProtocol - Starting ProtocolHandler ["http-nio-8080"]
2019-04-30 09:22:19,019 [main] INFO  org.springframework.boot.web.embedded.tomcat.TomcatWebServer - Tomcat started on port(s): 8080 (http) with context path ''
2019-04-30 09:22:19,024 [main] INFO  com.example.demo.DemoApplication - Started DemoApplication in 4.335 seconds (JVM running for 8.476)
2019-04-30 09:22:34,766 [http-nio-8080-exec-3] INFO  org.apache.catalina.core.ContainerBase.[Tomcat].[localhost].[/] - Initializing Spring DispatcherServlet 'dispatcherServlet'
2019-04-30 09:22:34,766 [http-nio-8080-exec-3] INFO  org.springframework.web.servlet.DispatcherServlet - Initializing Servlet 'dispatcherServlet'
2019-04-30 09:22:34,778 [http-nio-8080-exec-3] INFO  org.springframework.web.servlet.DispatcherServlet - Completed initialization in 12 ms
2019-04-30 09:24:28,475 [Thread-3] INFO  org.springframework.scheduling.concurrent.ThreadPoolTaskExecutor - Shutting down ExecutorService 'applicationTaskExecutor'
2019-04-30 09:24:33,231 [main] INFO  com.example.demo.DemoApplication - Starting DemoApplication on DESKTOP-0JHC5DK with PID 17908 (D:\ideaProject\boot\target\classes started by lxl in D:\ideaProject\boot)
2019-04-30 09:24:33,234 [main] INFO  com.example.demo.DemoApplication - No active profile set, falling back to default profiles: default
2019-04-30 09:24:34,230 [main] INFO  org.springframework.boot.web.embedded.tomcat.TomcatWebServer - Tomcat initialized with port(s): 8080 (http)
2019-04-30 09:24:34,241 [main] INFO  org.apache.coyote.http11.Http11NioProtocol - Initializing ProtocolHandler ["http-nio-8080"]
2019-04-30 09:24:34,248 [main] INFO  org.apache.catalina.core.StandardService - Starting service [Tomcat]
2019-04-30 09:24:34,249 [main] INFO  org.apache.catalina.core.StandardEngine - Starting Servlet engine: [Apache Tomcat/9.0.17]
2019-04-30 09:24:34,412 [main] INFO  org.apache.catalina.core.ContainerBase.[Tomcat].[localhost].[/] - Initializing Spring embedded WebApplicationContext
2019-04-30 09:24:34,412 [main] INFO  org.springframework.web.context.ContextLoader - Root WebApplicationContext: initialization completed in 1098 ms
2019-04-30 09:24:34,846 [main] INFO  org.springframework.scheduling.concurrent.ThreadPoolTaskExecutor - Initializing ExecutorService 'applicationTaskExecutor'
2019-04-30 09:24:34,956 [main] INFO  org.springframework.boot.autoconfigure.web.servlet.WelcomePageHandlerMapping - Adding welcome page template: index
2019-04-30 09:24:35,051 [main] INFO  org.apache.coyote.http11.Http11NioProtocol - Starting ProtocolHandler ["http-nio-8080"]
2019-04-30 09:24:35,074 [main] INFO  org.springframework.boot.web.embedded.tomcat.TomcatWebServer - Tomcat started on port(s): 8080 (http) with context path ''
2019-04-30 09:24:35,078 [main] INFO  com.example.demo.DemoApplication - Started DemoApplication in 2.457 seconds (JVM running for 3.379)
2019-04-30 09:25:03,543 [http-nio-8080-exec-1] INFO  org.apache.catalina.core.ContainerBase.[Tomcat].[localhost].[/] - Initializing Spring DispatcherServlet 'dispatcherServlet'
2019-04-30 09:25:03,543 [http-nio-8080-exec-1] INFO  org.springframework.web.servlet.DispatcherServlet - Initializing Servlet 'dispatcherServlet'
2019-04-30 09:25:03,549 [http-nio-8080-exec-1] INFO  org.springframework.web.servlet.DispatcherServlet - Completed initialization in 6 ms
2019-04-30 09:27:06,129 [Thread-7] INFO  org.springframework.scheduling.concurrent.ThreadPoolTaskExecutor - Shutting down ExecutorService 'applicationTaskExecutor'
2019-04-30 09:27:09,414 [main] INFO  com.example.demo.DemoApplication - Starting DemoApplication on DESKTOP-0JHC5DK with PID 28608 (D:\ideaProject\boot\target\classes started by lxl in D:\ideaProject\boot)
2019-04-30 09:27:09,417 [main] INFO  com.example.demo.DemoApplication - No active profile set, falling back to default profiles: default
2019-04-30 09:27:10,337 [main] INFO  org.springframework.boot.web.embedded.tomcat.TomcatWebServer - Tomcat initialized with port(s): 8080 (http)
2019-04-30 09:27:10,349 [main] INFO  org.apache.coyote.http11.Http11NioProtocol - Initializing ProtocolHandler ["http-nio-8080"]
2019-04-30 09:27:10,357 [main] INFO  org.apache.catalina.core.StandardService - Starting service [Tomcat]
2019-04-30 09:27:10,357 [main] INFO  org.apache.catalina.core.StandardEngine - Starting Servlet engine: [Apache Tomcat/9.0.17]
2019-04-30 09:27:10,502 [main] INFO  org.apache.catalina.core.ContainerBase.[Tomcat].[localhost].[/] - Initializing Spring embedded WebApplicationContext
2019-04-30 09:27:10,502 [main] INFO  org.springframework.web.context.ContextLoader - Root WebApplicationContext: initialization completed in 1014 ms
2019-04-30 09:27:10,936 [main] INFO  org.springframework.scheduling.concurrent.ThreadPoolTaskExecutor - Initializing ExecutorService 'applicationTaskExecutor'
2019-04-30 09:27:11,040 [main] INFO  org.springframework.boot.autoconfigure.web.servlet.WelcomePageHandlerMapping - Adding welcome page template: index
2019-04-30 09:27:11,129 [main] INFO  org.apache.coyote.http11.Http11NioProtocol - Starting ProtocolHandler ["http-nio-8080"]
2019-04-30 09:27:11,149 [main] INFO  org.springframework.boot.web.embedded.tomcat.TomcatWebServer - Tomcat started on port(s): 8080 (http) with context path ''
2019-04-30 09:27:11,152 [main] INFO  com.example.demo.DemoApplication - Started DemoApplication in 2.277 seconds (JVM running for 3.14)
2019-04-30 09:27:18,059 [http-nio-8080-exec-1] INFO  org.apache.catalina.core.ContainerBase.[Tomcat].[localhost].[/] - Initializing Spring DispatcherServlet 'dispatcherServlet'
2019-04-30 09:27:18,059 [http-nio-8080-exec-1] INFO  org.springframework.web.servlet.DispatcherServlet - Initializing Servlet 'dispatcherServlet'
2019-04-30 09:27:18,064 [http-nio-8080-exec-1] INFO  org.springframework.web.servlet.DispatcherServlet - Completed initialization in 5 ms
2019-04-30 09:28:00,732 [Thread-7] INFO  org.springframework.scheduling.concurrent.ThreadPoolTaskExecutor - Shutting down ExecutorService 'applicationTaskExecutor'
2019-04-30 09:28:03,900 [main] INFO  com.example.demo.DemoApplication - Starting DemoApplication on DESKTOP-0JHC5DK with PID 25080 (D:\ideaProject\boot\target\classes started by lxl in D:\ideaProject\boot)
2019-04-30 09:28:03,903 [main] INFO  com.example.demo.DemoApplication - No active profile set, falling back to default profiles: default
2019-04-30 09:28:04,839 [main] INFO  org.springframework.boot.web.embedded.tomcat.TomcatWebServer - Tomcat initialized with port(s): 8080 (http)
2019-04-30 09:28:04,850 [main] INFO  org.apache.coyote.http11.Http11NioProtocol - Initializing ProtocolHandler ["http-nio-8080"]
2019-04-30 09:28:04,857 [main] INFO  org.apache.catalina.core.StandardService - Starting service [Tomcat]
2019-04-30 09:28:04,857 [main] INFO  org.apache.catalina.core.StandardEngine - Starting Servlet engine: [Apache Tomcat/9.0.17]
2019-04-30 09:28:05,012 [main] INFO  org.apache.catalina.core.ContainerBase.[Tomcat].[localhost].[/] - Initializing Spring embedded WebApplicationContext
2019-04-30 09:28:05,013 [main] INFO  org.springframework.web.context.ContextLoader - Root WebApplicationContext: initialization completed in 1042 ms
2019-04-30 09:28:05,431 [main] INFO  org.springframework.scheduling.concurrent.ThreadPoolTaskExecutor - Initializing ExecutorService 'applicationTaskExecutor'
2019-04-30 09:28:05,537 [main] INFO  org.springframework.boot.autoconfigure.web.servlet.WelcomePageHandlerMapping - Adding welcome page template: index
2019-04-30 09:28:05,623 [main] INFO  org.apache.coyote.http11.Http11NioProtocol - Starting ProtocolHandler ["http-nio-8080"]
2019-04-30 09:28:05,642 [main] INFO  org.springframework.boot.web.embedded.tomcat.TomcatWebServer - Tomcat started on port(s): 8080 (http) with context path ''
2019-04-30 09:28:05,645 [main] INFO  com.example.demo.DemoApplication - Started DemoApplication in 2.292 seconds (JVM running for 3.163)
2019-04-30 09:28:26,899 [http-nio-8080-exec-1] INFO  org.apache.catalina.core.ContainerBase.[Tomcat].[localhost].[/] - Initializing Spring DispatcherServlet 'dispatcherServlet'
2019-04-30 09:28:26,899 [http-nio-8080-exec-1] INFO  org.springframework.web.servlet.DispatcherServlet - Initializing Servlet 'dispatcherServlet'
2019-04-30 09:28:26,904 [http-nio-8080-exec-1] INFO  org.springframework.web.servlet.DispatcherServlet - Completed initialization in 5 ms
2019-04-30 09:31:03,793 [Thread-7] INFO  org.springframework.scheduling.concurrent.ThreadPoolTaskExecutor - Shutting down ExecutorService 'applicationTaskExecutor'
2019-04-30 09:31:07,936 [main] INFO  com.example.demo.DemoApplication - Starting DemoApplication on DESKTOP-0JHC5DK with PID 12276 (D:\ideaProject\boot\target\classes started by lxl in D:\ideaProject\boot)
2019-04-30 09:31:07,939 [main] INFO  com.example.demo.DemoApplication - No active profile set, falling back to default profiles: default
2019-04-30 09:31:08,859 [main] INFO  org.springframework.boot.web.embedded.tomcat.TomcatWebServer - Tomcat initialized with port(s): 8080 (http)
2019-04-30 09:31:08,870 [main] INFO  org.apache.coyote.http11.Http11NioProtocol - Initializing ProtocolHandler ["http-nio-8080"]
2019-04-30 09:31:08,877 [main] INFO  org.apache.catalina.core.StandardService - Starting service [Tomcat]
2019-04-30 09:31:08,877 [main] INFO  org.apache.catalina.core.StandardEngine - Starting Servlet engine: [Apache Tomcat/9.0.17]
2019-04-30 09:31:09,020 [main] INFO  org.apache.catalina.core.ContainerBase.[Tomcat].[localhost].[/] - Initializing Spring embedded WebApplicationContext
2019-04-30 09:31:09,020 [main] INFO  org.springframework.web.context.ContextLoader - Root WebApplicationContext: initialization completed in 1009 ms
2019-04-30 09:31:09,441 [main] INFO  org.springframework.scheduling.concurrent.ThreadPoolTaskExecutor - Initializing ExecutorService 'applicationTaskExecutor'
2019-04-30 09:31:09,549 [main] INFO  org.springframework.boot.autoconfigure.web.servlet.WelcomePageHandlerMapping - Adding welcome page template: index
2019-04-30 09:31:09,640 [main] INFO  org.apache.coyote.http11.Http11NioProtocol - Starting ProtocolHandler ["http-nio-8080"]
2019-04-30 09:31:09,661 [main] INFO  org.springframework.boot.web.embedded.tomcat.TomcatWebServer - Tomcat started on port(s): 8080 (http) with context path ''
2019-04-30 09:31:09,664 [main] INFO  com.example.demo.DemoApplication - Started DemoApplication in 2.265 seconds (JVM running for 3.135)
2019-04-30 09:31:42,316 [http-nio-8080-exec-1] INFO  org.apache.catalina.core.ContainerBase.[Tomcat].[localhost].[/] - Initializing Spring DispatcherServlet 'dispatcherServlet'
2019-04-30 09:31:42,316 [http-nio-8080-exec-1] INFO  org.springframework.web.servlet.DispatcherServlet - Initializing Servlet 'dispatcherServlet'
2019-04-30 09:31:42,321 [http-nio-8080-exec-1] INFO  org.springframework.web.servlet.DispatcherServlet - Completed initialization in 5 ms
2019-04-30 09:32:37,254 [Thread-7] INFO  org.springframework.scheduling.concurrent.ThreadPoolTaskExecutor - Shutting down ExecutorService 'applicationTaskExecutor'
2019-04-30 09:32:40,377 [main] INFO  com.example.demo.DemoApplication - Starting DemoApplication on DESKTOP-0JHC5DK with PID 28416 (D:\ideaProject\boot\target\classes started by lxl in D:\ideaProject\boot)
2019-04-30 09:32:40,380 [main] INFO  com.example.demo.DemoApplication - No active profile set, falling back to default profiles: default
2019-04-30 09:32:41,298 [main] INFO  org.springframework.boot.web.embedded.tomcat.TomcatWebServer - Tomcat initialized with port(s): 8080 (http)
2019-04-30 09:32:41,309 [main] INFO  org.apache.coyote.http11.Http11NioProtocol - Initializing ProtocolHandler ["http-nio-8080"]
2019-04-30 09:32:41,316 [main] INFO  org.apache.catalina.core.StandardService - Starting service [Tomcat]
2019-04-30 09:32:41,316 [main] INFO  org.apache.catalina.core.StandardEngine - Starting Servlet engine: [Apache Tomcat/9.0.17]
2019-04-30 09:32:41,460 [main] INFO  org.apache.catalina.core.ContainerBase.[Tomcat].[localhost].[/] - Initializing Spring embedded WebApplicationContext
2019-04-30 09:32:41,460 [main] INFO  org.springframework.web.context.ContextLoader - Root WebApplicationContext: initialization completed in 1009 ms
2019-04-30 09:32:41,863 [main] INFO  org.springframework.scheduling.concurrent.ThreadPoolTaskExecutor - Initializing ExecutorService 'applicationTaskExecutor'
2019-04-30 09:32:41,968 [main] INFO  org.springframework.boot.autoconfigure.web.servlet.WelcomePageHandlerMapping - Adding welcome page template: index
2019-04-30 09:32:42,057 [main] INFO  org.apache.coyote.http11.Http11NioProtocol - Starting ProtocolHandler ["http-nio-8080"]
2019-04-30 09:32:42,077 [main] INFO  org.springframework.boot.web.embedded.tomcat.TomcatWebServer - Tomcat started on port(s): 8080 (http) with context path ''
2019-04-30 09:32:42,080 [main] INFO  com.example.demo.DemoApplication - Started DemoApplication in 2.259 seconds (JVM running for 3.111)
2019-04-30 09:32:44,894 [http-nio-8080-exec-1] INFO  org.apache.catalina.core.ContainerBase.[Tomcat].[localhost].[/] - Initializing Spring DispatcherServlet 'dispatcherServlet'
2019-04-30 09:32:44,895 [http-nio-8080-exec-1] INFO  org.springframework.web.servlet.DispatcherServlet - Initializing Servlet 'dispatcherServlet'
2019-04-30 09:32:44,901 [http-nio-8080-exec-1] INFO  org.springframework.web.servlet.DispatcherServlet - Completed initialization in 6 ms
2019-04-30 09:40:22,027 [Thread-7] INFO  org.springframework.scheduling.concurrent.ThreadPoolTaskExecutor - Shutting down ExecutorService 'applicationTaskExecutor'
2019-04-30 09:40:25,176 [main] INFO  com.example.demo.DemoApplication - Starting DemoApplication on DESKTOP-0JHC5DK with PID 5528 (D:\ideaProject\boot\target\classes started by lxl in D:\ideaProject\boot)
2019-04-30 09:40:25,178 [main] INFO  com.example.demo.DemoApplication - No active profile set, falling back to default profiles: default
2019-04-30 09:40:26,093 [main] INFO  org.springframework.boot.web.embedded.tomcat.TomcatWebServer - Tomcat initialized with port(s): 8080 (http)
2019-04-30 09:40:26,103 [main] INFO  org.apache.coyote.http11.Http11NioProtocol - Initializing ProtocolHandler ["http-nio-8080"]
2019-04-30 09:40:26,110 [main] INFO  org.apache.catalina.core.StandardService - Starting service [Tomcat]
2019-04-30 09:40:26,110 [main] INFO  org.apache.catalina.core.StandardEngine - Starting Servlet engine: [Apache Tomcat/9.0.17]
2019-04-30 09:40:26,291 [main] INFO  org.apache.catalina.core.ContainerBase.[Tomcat].[localhost].[/] - Initializing Spring embedded WebApplicationContext
2019-04-30 09:40:26,291 [main] INFO  org.springframework.web.context.ContextLoader - Root WebApplicationContext: initialization completed in 1043 ms
2019-04-30 09:40:26,700 [main] INFO  org.springframework.scheduling.concurrent.ThreadPoolTaskExecutor - Initializing ExecutorService 'applicationTaskExecutor'
2019-04-30 09:40:26,806 [main] INFO  org.springframework.boot.autoconfigure.web.servlet.WelcomePageHandlerMapping - Adding welcome page template: index
2019-04-30 09:40:26,895 [main] INFO  org.apache.coyote.http11.Http11NioProtocol - Starting ProtocolHandler ["http-nio-8080"]
2019-04-30 09:40:26,915 [main] INFO  org.springframework.boot.web.embedded.tomcat.TomcatWebServer - Tomcat started on port(s): 8080 (http) with context path ''
2019-04-30 09:40:26,918 [main] INFO  com.example.demo.DemoApplication - Started DemoApplication in 2.288 seconds (JVM running for 3.147)
2019-04-30 09:40:38,574 [http-nio-8080-exec-1] INFO  org.apache.catalina.core.ContainerBase.[Tomcat].[localhost].[/] - Initializing Spring DispatcherServlet 'dispatcherServlet'
2019-04-30 09:40:38,574 [http-nio-8080-exec-1] INFO  org.springframework.web.servlet.DispatcherServlet - Initializing Servlet 'dispatcherServlet'
2019-04-30 09:40:38,580 [http-nio-8080-exec-1] INFO  org.springframework.web.servlet.DispatcherServlet - Completed initialization in 6 ms
2019-04-30 09:45:06,821 [Thread-7] INFO  org.springframework.scheduling.concurrent.ThreadPoolTaskExecutor - Shutting down ExecutorService 'applicationTaskExecutor'
2019-04-30 09:45:09,985 [main] INFO  com.example.demo.DemoApplication - Starting DemoApplication on DESKTOP-0JHC5DK with PID 22004 (D:\ideaProject\boot\target\classes started by lxl in D:\ideaProject\boot)
2019-04-30 09:45:09,988 [main] INFO  com.example.demo.DemoApplication - No active profile set, falling back to default profiles: default
2019-04-30 09:45:10,950 [main] INFO  org.springframework.boot.web.embedded.tomcat.TomcatWebServer - Tomcat initialized with port(s): 8080 (http)
2019-04-30 09:45:10,960 [main] INFO  org.apache.coyote.http11.Http11NioProtocol - Initializing ProtocolHandler ["http-nio-8080"]
2019-04-30 09:45:10,967 [main] INFO  org.apache.catalina.core.StandardService - Starting service [Tomcat]
2019-04-30 09:45:10,968 [main] INFO  org.apache.catalina.core.StandardEngine - Starting Servlet engine: [Apache Tomcat/9.0.17]
2019-04-30 09:45:11,115 [main] INFO  org.apache.catalina.core.ContainerBase.[Tomcat].[localhost].[/] - Initializing Spring embedded WebApplicationContext
2019-04-30 09:45:11,115 [main] INFO  org.springframework.web.context.ContextLoader - Root WebApplicationContext: initialization completed in 1049 ms
2019-04-30 09:45:11,546 [main] INFO  org.springframework.scheduling.concurrent.ThreadPoolTaskExecutor - Initializing ExecutorService 'applicationTaskExecutor'
2019-04-30 09:45:11,655 [main] INFO  org.springframework.boot.autoconfigure.web.servlet.WelcomePageHandlerMapping - Adding welcome page template: index
2019-04-30 09:45:11,748 [main] INFO  org.apache.coyote.http11.Http11NioProtocol - Starting ProtocolHandler ["http-nio-8080"]
2019-04-30 09:45:11,769 [main] INFO  org.springframework.boot.web.embedded.tomcat.TomcatWebServer - Tomcat started on port(s): 8080 (http) with context path ''
2019-04-30 09:45:11,772 [main] INFO  com.example.demo.DemoApplication - Started DemoApplication in 2.35 seconds (JVM running for 3.21)
2019-04-30 09:45:30,884 [http-nio-8080-exec-1] INFO  org.apache.catalina.core.ContainerBase.[Tomcat].[localhost].[/] - Initializing Spring DispatcherServlet 'dispatcherServlet'
2019-04-30 09:45:30,884 [http-nio-8080-exec-1] INFO  org.springframework.web.servlet.DispatcherServlet - Initializing Servlet 'dispatcherServlet'
2019-04-30 09:45:30,890 [http-nio-8080-exec-1] INFO  org.springframework.web.servlet.DispatcherServlet - Completed initialization in 6 ms
2019-04-30 09:45:55,914 [Thread-7] INFO  org.springframework.scheduling.concurrent.ThreadPoolTaskExecutor - Shutting down ExecutorService 'applicationTaskExecutor'
2019-04-30 09:45:59,266 [main] INFO  com.example.demo.DemoApplication - Starting DemoApplication on DESKTOP-0JHC5DK with PID 20496 (D:\ideaProject\boot\target\classes started by lxl in D:\ideaProject\boot)
2019-04-30 09:45:59,269 [main] INFO  com.example.demo.DemoApplication - No active profile set, falling back to default profiles: default
2019-04-30 09:46:00,322 [main] INFO  org.springframework.boot.web.embedded.tomcat.TomcatWebServer - Tomcat initialized with port(s): 8080 (http)
2019-04-30 09:46:00,334 [main] INFO  org.apache.coyote.http11.Http11NioProtocol - Initializing ProtocolHandler ["http-nio-8080"]
2019-04-30 09:46:00,341 [main] INFO  org.apache.catalina.core.StandardService - Starting service [Tomcat]
2019-04-30 09:46:00,341 [main] INFO  org.apache.catalina.core.StandardEngine - Starting Servlet engine: [Apache Tomcat/9.0.17]
2019-04-30 09:46:00,493 [main] INFO  org.apache.catalina.core.ContainerBase.[Tomcat].[localhost].[/] - Initializing Spring embedded WebApplicationContext
2019-04-30 09:46:00,494 [main] INFO  org.springframework.web.context.ContextLoader - Root WebApplicationContext: initialization completed in 1142 ms
2019-04-30 09:46:00,905 [main] INFO  org.springframework.scheduling.concurrent.ThreadPoolTaskExecutor - Initializing ExecutorService 'applicationTaskExecutor'
2019-04-30 09:46:01,008 [main] INFO  org.springframework.boot.autoconfigure.web.servlet.WelcomePageHandlerMapping - Adding welcome page template: index
2019-04-30 09:46:01,098 [main] INFO  org.apache.coyote.http11.Http11NioProtocol - Starting ProtocolHandler ["http-nio-8080"]
2019-04-30 09:46:01,118 [main] INFO  org.springframework.boot.web.embedded.tomcat.TomcatWebServer - Tomcat started on port(s): 8080 (http) with context path ''
2019-04-30 09:46:01,121 [main] INFO  com.example.demo.DemoApplication - Started DemoApplication in 2.531 seconds (JVM running for 3.509)
2019-04-30 09:46:05,379 [http-nio-8080-exec-1] INFO  org.apache.catalina.core.ContainerBase.[Tomcat].[localhost].[/] - Initializing Spring DispatcherServlet 'dispatcherServlet'
2019-04-30 09:46:05,379 [http-nio-8080-exec-1] INFO  org.springframework.web.servlet.DispatcherServlet - Initializing Servlet 'dispatcherServlet'
2019-04-30 09:46:05,384 [http-nio-8080-exec-1] INFO  org.springframework.web.servlet.DispatcherServlet - Completed initialization in 5 ms
2019-04-30 09:49:17,686 [Thread-8] INFO  org.springframework.scheduling.concurrent.ThreadPoolTaskExecutor - Shutting down ExecutorService 'applicationTaskExecutor'
2019-04-30 09:49:20,877 [main] INFO  com.example.demo.DemoApplication - Starting DemoApplication on DESKTOP-0JHC5DK with PID 21508 (D:\ideaProject\boot\target\classes started by lxl in D:\ideaProject\boot)
2019-04-30 09:49:20,879 [main] INFO  com.example.demo.DemoApplication - No active profile set, falling back to default profiles: default
2019-04-30 09:49:21,790 [main] INFO  org.springframework.boot.web.embedded.tomcat.TomcatWebServer - Tomcat initialized with port(s): 8080 (http)
2019-04-30 09:49:21,800 [main] INFO  org.apache.coyote.http11.Http11NioProtocol - Initializing ProtocolHandler ["http-nio-8080"]
2019-04-30 09:49:21,807 [main] INFO  org.apache.catalina.core.StandardService - Starting service [Tomcat]
2019-04-30 09:49:21,807 [main] INFO  org.apache.catalina.core.StandardEngine - Starting Servlet engine: [Apache Tomcat/9.0.17]
2019-04-30 09:49:21,953 [main] INFO  org.apache.catalina.core.ContainerBase.[Tomcat].[localhost].[/] - Initializing Spring embedded WebApplicationContext
2019-04-30 09:49:21,953 [main] INFO  org.springframework.web.context.ContextLoader - Root WebApplicationContext: initialization completed in 1004 ms
2019-04-30 09:49:22,360 [main] INFO  org.springframework.scheduling.concurrent.ThreadPoolTaskExecutor - Initializing ExecutorService 'applicationTaskExecutor'
2019-04-30 09:49:22,464 [main] INFO  org.springframework.boot.autoconfigure.web.servlet.WelcomePageHandlerMapping - Adding welcome page template: index
2019-04-30 09:49:22,554 [main] INFO  org.apache.coyote.http11.Http11NioProtocol - Starting ProtocolHandler ["http-nio-8080"]
2019-04-30 09:49:22,575 [main] INFO  org.springframework.boot.web.embedded.tomcat.TomcatWebServer - Tomcat started on port(s): 8080 (http) with context path ''
2019-04-30 09:49:22,577 [main] INFO  com.example.demo.DemoApplication - Started DemoApplication in 2.25 seconds (JVM running for 3.135)
2019-04-30 09:49:29,084 [http-nio-8080-exec-1] INFO  org.apache.catalina.core.ContainerBase.[Tomcat].[localhost].[/] - Initializing Spring DispatcherServlet 'dispatcherServlet'
2019-04-30 09:49:29,084 [http-nio-8080-exec-1] INFO  org.springframework.web.servlet.DispatcherServlet - Initializing Servlet 'dispatcherServlet'
2019-04-30 09:49:29,089 [http-nio-8080-exec-1] INFO  org.springframework.web.servlet.DispatcherServlet - Completed initialization in 5 ms
2019-04-30 09:50:05,133 [Thread-7] INFO  org.springframework.scheduling.concurrent.ThreadPoolTaskExecutor - Shutting down ExecutorService 'applicationTaskExecutor'
2019-04-30 09:50:08,476 [main] INFO  com.example.demo.DemoApplication - Starting DemoApplication on DESKTOP-0JHC5DK with PID 23468 (D:\ideaProject\boot\target\classes started by lxl in D:\ideaProject\boot)
2019-04-30 09:50:08,478 [main] INFO  com.example.demo.DemoApplication - No active profile set, falling back to default profiles: default
2019-04-30 09:50:09,394 [main] INFO  org.springframework.boot.web.embedded.tomcat.TomcatWebServer - Tomcat initialized with port(s): 8080 (http)
2019-04-30 09:50:09,406 [main] INFO  org.apache.coyote.http11.Http11NioProtocol - Initializing ProtocolHandler ["http-nio-8080"]
2019-04-30 09:50:09,413 [main] INFO  org.apache.catalina.core.StandardService - Starting service [Tomcat]
2019-04-30 09:50:09,413 [main] INFO  org.apache.catalina.core.StandardEngine - Starting Servlet engine: [Apache Tomcat/9.0.17]
2019-04-30 09:50:09,559 [main] INFO  org.apache.catalina.core.ContainerBase.[Tomcat].[localhost].[/] - Initializing Spring embedded WebApplicationContext
2019-04-30 09:50:09,560 [main] INFO  org.springframework.web.context.ContextLoader - Root WebApplicationContext: initialization completed in 1010 ms
2019-04-30 09:50:09,976 [main] INFO  org.springframework.scheduling.concurrent.ThreadPoolTaskExecutor - Initializing ExecutorService 'applicationTaskExecutor'
2019-04-30 09:50:10,080 [main] INFO  org.springframework.boot.autoconfigure.web.servlet.WelcomePageHandlerMapping - Adding welcome page template: index
2019-04-30 09:50:10,170 [main] INFO  org.apache.coyote.http11.Http11NioProtocol - Starting ProtocolHandler ["http-nio-8080"]
2019-04-30 09:50:10,191 [main] INFO  org.springframework.boot.web.embedded.tomcat.TomcatWebServer - Tomcat started on port(s): 8080 (http) with context path ''
2019-04-30 09:50:10,194 [main] INFO  com.example.demo.DemoApplication - Started DemoApplication in 2.315 seconds (JVM running for 3.192)
2019-04-30 09:50:27,453 [http-nio-8080-exec-1] INFO  org.apache.catalina.core.ContainerBase.[Tomcat].[localhost].[/] - Initializing Spring DispatcherServlet 'dispatcherServlet'
2019-04-30 09:50:27,453 [http-nio-8080-exec-1] INFO  org.springframework.web.servlet.DispatcherServlet - Initializing Servlet 'dispatcherServlet'
2019-04-30 09:50:27,458 [http-nio-8080-exec-1] INFO  org.springframework.web.servlet.DispatcherServlet - Completed initialization in 5 ms
2019-04-30 09:55:15,949 [Thread-7] INFO  org.springframework.scheduling.concurrent.ThreadPoolTaskExecutor - Shutting down ExecutorService 'applicationTaskExecutor'
2019-04-30 09:55:19,185 [main] INFO  com.example.demo.DemoApplication - Starting DemoApplication on DESKTOP-0JHC5DK with PID 14680 (D:\ideaProject\boot\target\classes started by lxl in D:\ideaProject\boot)
2019-04-30 09:55:19,188 [main] INFO  com.example.demo.DemoApplication - No active profile set, falling back to default profiles: default
2019-04-30 09:55:20,129 [main] INFO  org.springframework.boot.web.embedded.tomcat.TomcatWebServer - Tomcat initialized with port(s): 8080 (http)
2019-04-30 09:55:20,141 [main] INFO  org.apache.coyote.http11.Http11NioProtocol - Initializing ProtocolHandler ["http-nio-8080"]
2019-04-30 09:55:20,148 [main] INFO  org.apache.catalina.core.StandardService - Starting service [Tomcat]
2019-04-30 09:55:20,149 [main] INFO  org.apache.catalina.core.StandardEngine - Starting Servlet engine: [Apache Tomcat/9.0.17]
2019-04-30 09:55:20,295 [main] INFO  org.apache.catalina.core.ContainerBase.[Tomcat].[localhost].[/] - Initializing Spring embedded WebApplicationContext
2019-04-30 09:55:20,296 [main] INFO  org.springframework.web.context.ContextLoader - Root WebApplicationContext: initialization completed in 1036 ms
2019-04-30 09:55:20,709 [main] INFO  org.springframework.scheduling.concurrent.ThreadPoolTaskExecutor - Initializing ExecutorService 'applicationTaskExecutor'
2019-04-30 09:55:20,815 [main] INFO  org.springframework.boot.autoconfigure.web.servlet.WelcomePageHandlerMapping - Adding welcome page template: index
2019-04-30 09:55:20,903 [main] INFO  org.apache.coyote.http11.Http11NioProtocol - Starting ProtocolHandler ["http-nio-8080"]
2019-04-30 09:55:20,924 [main] INFO  org.springframework.boot.web.embedded.tomcat.TomcatWebServer - Tomcat started on port(s): 8080 (http) with context path ''
2019-04-30 09:55:20,926 [main] INFO  com.example.demo.DemoApplication - Started DemoApplication in 2.339 seconds (JVM running for 3.218)
2019-04-30 09:55:25,813 [http-nio-8080-exec-1] INFO  org.apache.catalina.core.ContainerBase.[Tomcat].[localhost].[/] - Initializing Spring DispatcherServlet 'dispatcherServlet'
2019-04-30 09:55:25,813 [http-nio-8080-exec-1] INFO  org.springframework.web.servlet.DispatcherServlet - Initializing Servlet 'dispatcherServlet'
2019-04-30 09:55:25,819 [http-nio-8080-exec-1] INFO  org.springframework.web.servlet.DispatcherServlet - Completed initialization in 6 ms
2019-04-30 09:56:41,513 [Thread-7] INFO  org.springframework.scheduling.concurrent.ThreadPoolTaskExecutor - Shutting down ExecutorService 'applicationTaskExecutor'
2019-04-30 09:56:44,954 [main] INFO  com.example.demo.DemoApplication - Starting DemoApplication on DESKTOP-0JHC5DK with PID 18712 (D:\ideaProject\boot\target\classes started by lxl in D:\ideaProject\boot)
2019-04-30 09:56:44,958 [main] INFO  com.example.demo.DemoApplication - No active profile set, falling back to default profiles: default
2019-04-30 09:56:45,958 [main] INFO  org.springframework.boot.web.embedded.tomcat.TomcatWebServer - Tomcat initialized with port(s): 8080 (http)
2019-04-30 09:56:45,970 [main] INFO  org.apache.coyote.http11.Http11NioProtocol - Initializing ProtocolHandler ["http-nio-8080"]
2019-04-30 09:56:45,977 [main] INFO  org.apache.catalina.core.StandardService - Starting service [Tomcat]
2019-04-30 09:56:45,977 [main] INFO  org.apache.catalina.core.StandardEngine - Starting Servlet engine: [Apache Tomcat/9.0.17]
2019-04-30 09:56:46,137 [main] INFO  org.apache.catalina.core.ContainerBase.[Tomcat].[localhost].[/] - Initializing Spring embedded WebApplicationContext
2019-04-30 09:56:46,137 [main] INFO  org.springframework.web.context.ContextLoader - Root WebApplicationContext: initialization completed in 1092 ms
2019-04-30 09:56:46,558 [main] INFO  org.springframework.scheduling.concurrent.ThreadPoolTaskExecutor - Initializing ExecutorService 'applicationTaskExecutor'
2019-04-30 09:56:46,671 [main] INFO  org.springframework.boot.autoconfigure.web.servlet.WelcomePageHandlerMapping - Adding welcome page template: index
2019-04-30 09:56:46,760 [main] INFO  org.apache.coyote.http11.Http11NioProtocol - Starting ProtocolHandler ["http-nio-8080"]
2019-04-30 09:56:46,781 [main] INFO  org.springframework.boot.web.embedded.tomcat.TomcatWebServer - Tomcat started on port(s): 8080 (http) with context path ''
2019-04-30 09:56:46,783 [main] INFO  com.example.demo.DemoApplication - Started DemoApplication in 2.459 seconds (JVM running for 3.408)
2019-04-30 09:56:49,850 [http-nio-8080-exec-1] INFO  org.apache.catalina.core.ContainerBase.[Tomcat].[localhost].[/] - Initializing Spring DispatcherServlet 'dispatcherServlet'
2019-04-30 09:56:49,851 [http-nio-8080-exec-1] INFO  org.springframework.web.servlet.DispatcherServlet - Initializing Servlet 'dispatcherServlet'
2019-04-30 09:56:49,856 [http-nio-8080-exec-1] INFO  org.springframework.web.servlet.DispatcherServlet - Completed initialization in 5 ms
2019-04-30 09:59:48,513 [Thread-7] INFO  org.springframework.scheduling.concurrent.ThreadPoolTaskExecutor - Shutting down ExecutorService 'applicationTaskExecutor'
2019-04-30 09:59:51,101 [main] INFO  com.example.demo.DemoApplication - Starting DemoApplication on DESKTOP-0JHC5DK with PID 26780 (D:\ideaProject\boot\target\classes started by lxl in D:\ideaProject\boot)
2019-04-30 09:59:51,104 [main] INFO  com.example.demo.DemoApplication - No active profile set, falling back to default profiles: default
2019-04-30 09:59:52,035 [main] INFO  org.springframework.boot.web.embedded.tomcat.TomcatWebServer - Tomcat initialized with port(s): 8080 (http)
2019-04-30 09:59:52,046 [main] INFO  org.apache.coyote.http11.Http11NioProtocol - Initializing ProtocolHandler ["http-nio-8080"]
2019-04-30 09:59:52,053 [main] INFO  org.apache.catalina.core.StandardService - Starting service [Tomcat]
2019-04-30 09:59:52,053 [main] INFO  org.apache.catalina.core.StandardEngine - Starting Servlet engine: [Apache Tomcat/9.0.17]
2019-04-30 09:59:52,196 [main] INFO  org.apache.catalina.core.ContainerBase.[Tomcat].[localhost].[/] - Initializing Spring embedded WebApplicationContext
2019-04-30 09:59:52,197 [main] INFO  org.springframework.web.context.ContextLoader - Root WebApplicationContext: initialization completed in 1024 ms
2019-04-30 09:59:52,612 [main] INFO  org.springframework.scheduling.concurrent.ThreadPoolTaskExecutor - Initializing ExecutorService 'applicationTaskExecutor'
2019-04-30 09:59:52,727 [main] INFO  org.springframework.boot.autoconfigure.web.servlet.WelcomePageHandlerMapping - Adding welcome page template: index
2019-04-30 09:59:52,812 [main] INFO  org.apache.coyote.http11.Http11NioProtocol - Starting ProtocolHandler ["http-nio-8080"]
2019-04-30 09:59:52,834 [main] INFO  org.springframework.boot.web.embedded.tomcat.TomcatWebServer - Tomcat started on port(s): 8080 (http) with context path ''
2019-04-30 09:59:52,836 [main] INFO  com.example.demo.DemoApplication - Started DemoApplication in 2.243 seconds (JVM running for 3.498)
2019-04-30 10:00:11,412 [http-nio-8080-exec-1] INFO  org.apache.catalina.core.ContainerBase.[Tomcat].[localhost].[/] - Initializing Spring DispatcherServlet 'dispatcherServlet'
2019-04-30 10:00:11,412 [http-nio-8080-exec-1] INFO  org.springframework.web.servlet.DispatcherServlet - Initializing Servlet 'dispatcherServlet'
2019-04-30 10:00:11,417 [http-nio-8080-exec-1] INFO  org.springframework.web.servlet.DispatcherServlet - Completed initialization in 5 ms
2019-04-30 10:01:48,783 [Thread-8] INFO  org.springframework.scheduling.concurrent.ThreadPoolTaskExecutor - Shutting down ExecutorService 'applicationTaskExecutor'
2019-04-30 10:01:51,986 [main] INFO  com.example.demo.DemoApplication - Starting DemoApplication on DESKTOP-0JHC5DK with PID 5516 (D:\ideaProject\boot\target\classes started by lxl in D:\ideaProject\boot)
2019-04-30 10:01:51,989 [main] INFO  com.example.demo.DemoApplication - No active profile set, falling back to default profiles: default
2019-04-30 10:01:52,917 [main] INFO  org.springframework.boot.web.embedded.tomcat.TomcatWebServer - Tomcat initialized with port(s): 8080 (http)
2019-04-30 10:01:52,928 [main] INFO  org.apache.coyote.http11.Http11NioProtocol - Initializing ProtocolHandler ["http-nio-8080"]
2019-04-30 10:01:52,935 [main] INFO  org.apache.catalina.core.StandardService - Starting service [Tomcat]
2019-04-30 10:01:52,935 [main] INFO  org.apache.catalina.core.StandardEngine - Starting Servlet engine: [Apache Tomcat/9.0.17]
2019-04-30 10:01:53,077 [main] INFO  org.apache.catalina.core.ContainerBase.[Tomcat].[localhost].[/] - Initializing Spring embedded WebApplicationContext
2019-04-30 10:01:53,077 [main] INFO  org.springframework.web.context.ContextLoader - Root WebApplicationContext: initialization completed in 1016 ms
2019-04-30 10:01:53,549 [main] INFO  org.springframework.scheduling.concurrent.ThreadPoolTaskExecutor - Initializing ExecutorService 'applicationTaskExecutor'
2019-04-30 10:01:53,653 [main] INFO  org.springframework.boot.autoconfigure.web.servlet.WelcomePageHandlerMapping - Adding welcome page template: index
2019-04-30 10:01:53,742 [main] INFO  org.apache.coyote.http11.Http11NioProtocol - Starting ProtocolHandler ["http-nio-8080"]
2019-04-30 10:01:53,764 [main] INFO  org.springframework.boot.web.embedded.tomcat.TomcatWebServer - Tomcat started on port(s): 8080 (http) with context path ''
2019-04-30 10:01:53,767 [main] INFO  com.example.demo.DemoApplication - Started DemoApplication in 2.328 seconds (JVM running for 3.222)
2019-04-30 10:01:57,680 [http-nio-8080-exec-2] INFO  org.apache.catalina.core.ContainerBase.[Tomcat].[localhost].[/] - Initializing Spring DispatcherServlet 'dispatcherServlet'
2019-04-30 10:01:57,680 [http-nio-8080-exec-2] INFO  org.springframework.web.servlet.DispatcherServlet - Initializing Servlet 'dispatcherServlet'
2019-04-30 10:01:57,686 [http-nio-8080-exec-2] INFO  org.springframework.web.servlet.DispatcherServlet - Completed initialization in 6 ms
2019-04-30 10:04:09,133 [Thread-7] INFO  org.springframework.scheduling.concurrent.ThreadPoolTaskExecutor - Shutting down ExecutorService 'applicationTaskExecutor'
2019-04-30 10:04:14,230 [main] INFO  com.example.demo.DemoApplication - Starting DemoApplication on DESKTOP-0JHC5DK with PID 20456 (D:\ideaProject\boot\target\classes started by lxl in D:\ideaProject\boot)
2019-04-30 10:04:14,233 [main] INFO  com.example.demo.DemoApplication - No active profile set, falling back to default profiles: default
2019-04-30 10:04:15,195 [main] INFO  org.springframework.boot.web.embedded.tomcat.TomcatWebServer - Tomcat initialized with port(s): 8080 (http)
2019-04-30 10:04:15,206 [main] INFO  org.apache.coyote.http11.Http11NioProtocol - Initializing ProtocolHandler ["http-nio-8080"]
2019-04-30 10:04:15,213 [main] INFO  org.apache.catalina.core.StandardService - Starting service [Tomcat]
2019-04-30 10:04:15,213 [main] INFO  org.apache.catalina.core.StandardEngine - Starting Servlet engine: [Apache Tomcat/9.0.17]
2019-04-30 10:04:15,355 [main] INFO  org.apache.catalina.core.ContainerBase.[Tomcat].[localhost].[/] - Initializing Spring embedded WebApplicationContext
2019-04-30 10:04:15,355 [main] INFO  org.springframework.web.context.ContextLoader - Root WebApplicationContext: initialization completed in 1051 ms
2019-04-30 10:04:15,768 [main] INFO  org.springframework.scheduling.concurrent.ThreadPoolTaskExecutor - Initializing ExecutorService 'applicationTaskExecutor'
2019-04-30 10:04:15,874 [main] INFO  org.springframework.boot.autoconfigure.web.servlet.WelcomePageHandlerMapping - Adding welcome page template: index
2019-04-30 10:04:15,963 [main] INFO  org.apache.coyote.http11.Http11NioProtocol - Starting ProtocolHandler ["http-nio-8080"]
2019-04-30 10:04:15,983 [main] INFO  org.springframework.boot.web.embedded.tomcat.TomcatWebServer - Tomcat started on port(s): 8080 (http) with context path ''
2019-04-30 10:04:15,986 [main] INFO  com.example.demo.DemoApplication - Started DemoApplication in 2.362 seconds (JVM running for 3.228)
2019-04-30 10:04:20,141 [http-nio-8080-exec-1] INFO  org.apache.catalina.core.ContainerBase.[Tomcat].[localhost].[/] - Initializing Spring DispatcherServlet 'dispatcherServlet'
2019-04-30 10:04:20,141 [http-nio-8080-exec-1] INFO  org.springframework.web.servlet.DispatcherServlet - Initializing Servlet 'dispatcherServlet'
2019-04-30 10:04:20,146 [http-nio-8080-exec-1] INFO  org.springframework.web.servlet.DispatcherServlet - Completed initialization in 5 ms
2019-04-30 10:04:20,604 [http-nio-8080-exec-1] INFO  com.zaxxer.hikari.HikariDataSource - HikariPool-1 - Starting...
2019-04-30 10:04:20,721 [http-nio-8080-exec-1] INFO  com.zaxxer.hikari.HikariDataSource - HikariPool-1 - Start completed.
2019-04-30 10:07:58,213 [Thread-7] INFO  org.springframework.scheduling.concurrent.ThreadPoolTaskExecutor - Shutting down ExecutorService 'applicationTaskExecutor'
2019-04-30 10:07:58,215 [Thread-7] INFO  com.zaxxer.hikari.HikariDataSource - HikariPool-1 - Shutdown initiated...
2019-04-30 10:07:58,221 [Thread-7] INFO  com.zaxxer.hikari.HikariDataSource - HikariPool-1 - Shutdown completed.
2019-04-30 10:08:01,435 [main] INFO  com.example.demo.DemoApplication - Starting DemoApplication on DESKTOP-0JHC5DK with PID 20704 (D:\ideaProject\boot\target\classes started by lxl in D:\ideaProject\boot)
2019-04-30 10:08:01,439 [main] INFO  com.example.demo.DemoApplication - No active profile set, falling back to default profiles: default
2019-04-30 10:08:02,357 [main] INFO  org.springframework.boot.web.embedded.tomcat.TomcatWebServer - Tomcat initialized with port(s): 8080 (http)
2019-04-30 10:08:02,368 [main] INFO  org.apache.coyote.http11.Http11NioProtocol - Initializing ProtocolHandler ["http-nio-8080"]
2019-04-30 10:08:02,375 [main] INFO  org.apache.catalina.core.StandardService - Starting service [Tomcat]
2019-04-30 10:08:02,375 [main] INFO  org.apache.catalina.core.StandardEngine - Starting Servlet engine: [Apache Tomcat/9.0.17]
2019-04-30 10:08:02,517 [main] INFO  org.apache.catalina.core.ContainerBase.[Tomcat].[localhost].[/] - Initializing Spring embedded WebApplicationContext
2019-04-30 10:08:02,518 [main] INFO  org.springframework.web.context.ContextLoader - Root WebApplicationContext: initialization completed in 1007 ms
2019-04-30 10:08:02,922 [main] INFO  org.springframework.scheduling.concurrent.ThreadPoolTaskExecutor - Initializing ExecutorService 'applicationTaskExecutor'
2019-04-30 10:08:03,025 [main] INFO  org.springframework.boot.autoconfigure.web.servlet.WelcomePageHandlerMapping - Adding welcome page template: index
2019-04-30 10:08:03,114 [main] INFO  org.apache.coyote.http11.Http11NioProtocol - Starting ProtocolHandler ["http-nio-8080"]
2019-04-30 10:08:03,135 [main] INFO  org.springframework.boot.web.embedded.tomcat.TomcatWebServer - Tomcat started on port(s): 8080 (http) with context path ''
2019-04-30 10:08:03,137 [main] INFO  com.example.demo.DemoApplication - Started DemoApplication in 2.248 seconds (JVM running for 3.093)
2019-04-30 10:08:09,037 [http-nio-8080-exec-1] INFO  org.apache.catalina.core.ContainerBase.[Tomcat].[localhost].[/] - Initializing Spring DispatcherServlet 'dispatcherServlet'
2019-04-30 10:08:09,037 [http-nio-8080-exec-1] INFO  org.springframework.web.servlet.DispatcherServlet - Initializing Servlet 'dispatcherServlet'
2019-04-30 10:08:09,043 [http-nio-8080-exec-1] INFO  org.springframework.web.servlet.DispatcherServlet - Completed initialization in 6 ms
2019-04-30 10:08:09,482 [http-nio-8080-exec-2] INFO  com.zaxxer.hikari.HikariDataSource - HikariPool-1 - Starting...
2019-04-30 10:08:09,574 [http-nio-8080-exec-2] INFO  com.zaxxer.hikari.HikariDataSource - HikariPool-1 - Start completed.
2019-04-30 10:20:44,715 [Thread-7] INFO  org.springframework.scheduling.concurrent.ThreadPoolTaskExecutor - Shutting down ExecutorService 'applicationTaskExecutor'
2019-04-30 10:20:44,716 [Thread-7] INFO  com.zaxxer.hikari.HikariDataSource - HikariPool-1 - Shutdown initiated...
2019-04-30 10:20:44,722 [Thread-7] INFO  com.zaxxer.hikari.HikariDataSource - HikariPool-1 - Shutdown completed.
2019-04-30 10:20:48,934 [main] INFO  com.example.demo.DemoApplication - Starting DemoApplication on DESKTOP-0JHC5DK with PID 19360 (D:\ideaProject\boot\target\classes started by lxl in D:\ideaProject\boot)
2019-04-30 10:20:48,938 [main] INFO  com.example.demo.DemoApplication - No active profile set, falling back to default profiles: default
2019-04-30 10:20:49,922 [main] INFO  org.springframework.boot.web.embedded.tomcat.TomcatWebServer - Tomcat initialized with port(s): 8080 (http)
2019-04-30 10:20:49,933 [main] INFO  org.apache.coyote.http11.Http11NioProtocol - Initializing ProtocolHandler ["http-nio-8080"]
2019-04-30 10:20:49,940 [main] INFO  org.apache.catalina.core.StandardService - Starting service [Tomcat]
2019-04-30 10:20:49,940 [main] INFO  org.apache.catalina.core.StandardEngine - Starting Servlet engine: [Apache Tomcat/9.0.17]
2019-04-30 10:20:50,086 [main] INFO  org.apache.catalina.core.ContainerBase.[Tomcat].[localhost].[/] - Initializing Spring embedded WebApplicationContext
2019-04-30 10:20:50,086 [main] INFO  org.springframework.web.context.ContextLoader - Root WebApplicationContext: initialization completed in 1079 ms
2019-04-30 10:20:50,504 [main] INFO  org.springframework.scheduling.concurrent.ThreadPoolTaskExecutor - Initializing ExecutorService 'applicationTaskExecutor'
2019-04-30 10:20:50,618 [main] INFO  org.springframework.boot.autoconfigure.web.servlet.WelcomePageHandlerMapping - Adding welcome page template: index
2019-04-30 10:20:50,708 [main] INFO  org.apache.coyote.http11.Http11NioProtocol - Starting ProtocolHandler ["http-nio-8080"]
2019-04-30 10:20:50,729 [main] INFO  org.springframework.boot.web.embedded.tomcat.TomcatWebServer - Tomcat started on port(s): 8080 (http) with context path ''
2019-04-30 10:20:50,732 [main] INFO  com.example.demo.DemoApplication - Started DemoApplication in 2.376 seconds (JVM running for 3.309)
2019-04-30 10:20:57,114 [http-nio-8080-exec-1] INFO  org.apache.catalina.core.ContainerBase.[Tomcat].[localhost].[/] - Initializing Spring DispatcherServlet 'dispatcherServlet'
2019-04-30 10:20:57,114 [http-nio-8080-exec-1] INFO  org.springframework.web.servlet.DispatcherServlet - Initializing Servlet 'dispatcherServlet'
2019-04-30 10:20:57,120 [http-nio-8080-exec-1] INFO  org.springframework.web.servlet.DispatcherServlet - Completed initialization in 6 ms
2019-04-30 10:24:13,432 [Thread-7] INFO  org.springframework.scheduling.concurrent.ThreadPoolTaskExecutor - Shutting down ExecutorService 'applicationTaskExecutor'
2019-04-30 10:24:46,680 [main] INFO  com.example.demo.DemoApplication - Starting DemoApplication on DESKTOP-0JHC5DK with PID 15712 (D:\ideaProject\boot\target\classes started by lxl in D:\ideaProject\boot)
2019-04-30 10:24:46,685 [main] INFO  com.example.demo.DemoApplication - No active profile set, falling back to default profiles: default
2019-04-30 10:24:48,020 [main] INFO  org.springframework.boot.web.embedded.tomcat.TomcatWebServer - Tomcat initialized with port(s): 8080 (http)
2019-04-30 10:24:48,032 [main] INFO  org.apache.coyote.http11.Http11NioProtocol - Initializing ProtocolHandler ["http-nio-8080"]
2019-04-30 10:24:48,039 [main] INFO  org.apache.catalina.core.StandardService - Starting service [Tomcat]
2019-04-30 10:24:48,040 [main] INFO  org.apache.catalina.core.StandardEngine - Starting Servlet engine: [Apache Tomcat/9.0.17]
2019-04-30 10:24:48,200 [main] INFO  org.apache.catalina.core.ContainerBase.[Tomcat].[localhost].[/] - Initializing Spring embedded WebApplicationContext
2019-04-30 10:24:48,201 [main] INFO  org.springframework.web.context.ContextLoader - Root WebApplicationContext: initialization completed in 1416 ms
2019-04-30 10:24:48,619 [main] INFO  org.springframework.scheduling.concurrent.ThreadPoolTaskExecutor - Initializing ExecutorService 'applicationTaskExecutor'
2019-04-30 10:24:48,724 [main] INFO  org.springframework.boot.autoconfigure.web.servlet.WelcomePageHandlerMapping - Adding welcome page template: index
2019-04-30 10:24:48,811 [main] INFO  org.apache.coyote.http11.Http11NioProtocol - Starting ProtocolHandler ["http-nio-8080"]
2019-04-30 10:24:48,832 [main] INFO  org.springframework.boot.web.embedded.tomcat.TomcatWebServer - Tomcat started on port(s): 8080 (http) with context path ''
2019-04-30 10:24:48,834 [main] INFO  com.example.demo.DemoApplication - Started DemoApplication in 2.831 seconds (JVM running for 4.997)
2019-04-30 10:25:08,418 [http-nio-8080-exec-1] INFO  org.apache.catalina.core.ContainerBase.[Tomcat].[localhost].[/] - Initializing Spring DispatcherServlet 'dispatcherServlet'
2019-04-30 10:25:08,419 [http-nio-8080-exec-1] INFO  org.springframework.web.servlet.DispatcherServlet - Initializing Servlet 'dispatcherServlet'
2019-04-30 10:25:08,424 [http-nio-8080-exec-1] INFO  org.springframework.web.servlet.DispatcherServlet - Completed initialization in 5 ms
2019-04-30 10:25:08,948 [http-nio-8080-exec-8] INFO  com.zaxxer.hikari.HikariDataSource - HikariPool-1 - Starting...
2019-04-30 10:25:09,041 [http-nio-8080-exec-8] INFO  com.zaxxer.hikari.HikariDataSource - HikariPool-1 - Start completed.
2019-04-30 10:33:43,673 [Thread-9] INFO  org.springframework.scheduling.concurrent.ThreadPoolTaskExecutor - Shutting down ExecutorService 'applicationTaskExecutor'
2019-04-30 10:33:43,674 [Thread-9] INFO  com.zaxxer.hikari.HikariDataSource - HikariPool-1 - Shutdown initiated...
2019-04-30 10:33:43,681 [Thread-9] INFO  com.zaxxer.hikari.HikariDataSource - HikariPool-1 - Shutdown completed.
2019-04-30 10:33:46,975 [main] INFO  com.example.demo.DemoApplication - Starting DemoApplication on DESKTOP-0JHC5DK with PID 16696 (D:\ideaProject\boot\target\classes started by lxl in D:\ideaProject\boot)
2019-04-30 10:33:46,978 [main] INFO  com.example.demo.DemoApplication - No active profile set, falling back to default profiles: default
2019-04-30 10:33:47,968 [main] INFO  org.springframework.boot.web.embedded.tomcat.TomcatWebServer - Tomcat initialized with port(s): 8080 (http)
2019-04-30 10:33:47,982 [main] INFO  org.apache.coyote.http11.Http11NioProtocol - Initializing ProtocolHandler ["http-nio-8080"]
2019-04-30 10:33:47,996 [main] INFO  org.apache.catalina.core.StandardService - Starting service [Tomcat]
2019-04-30 10:33:47,997 [main] INFO  org.apache.catalina.core.StandardEngine - Starting Servlet engine: [Apache Tomcat/9.0.17]
2019-04-30 10:33:48,149 [main] INFO  org.apache.catalina.core.ContainerBase.[Tomcat].[localhost].[/] - Initializing Spring embedded WebApplicationContext
2019-04-30 10:33:48,150 [main] INFO  org.springframework.web.context.ContextLoader - Root WebApplicationContext: initialization completed in 1102 ms
2019-04-30 10:33:48,570 [main] INFO  org.springframework.scheduling.concurrent.ThreadPoolTaskExecutor - Initializing ExecutorService 'applicationTaskExecutor'
2019-04-30 10:33:48,673 [main] INFO  org.springframework.boot.autoconfigure.web.servlet.WelcomePageHandlerMapping - Adding welcome page template: index
2019-04-30 10:33:48,761 [main] INFO  org.apache.coyote.http11.Http11NioProtocol - Starting ProtocolHandler ["http-nio-8080"]
2019-04-30 10:33:48,782 [main] INFO  org.springframework.boot.web.embedded.tomcat.TomcatWebServer - Tomcat started on port(s): 8080 (http) with context path ''
2019-04-30 10:33:48,785 [main] INFO  com.example.demo.DemoApplication - Started DemoApplication in 2.374 seconds (JVM running for 3.274)
2019-04-30 10:34:12,982 [http-nio-8080-exec-1] INFO  org.apache.catalina.core.ContainerBase.[Tomcat].[localhost].[/] - Initializing Spring DispatcherServlet 'dispatcherServlet'
2019-04-30 10:34:12,982 [http-nio-8080-exec-1] INFO  org.springframework.web.servlet.DispatcherServlet - Initializing Servlet 'dispatcherServlet'
2019-04-30 10:34:12,987 [http-nio-8080-exec-1] INFO  org.springframework.web.servlet.DispatcherServlet - Completed initialization in 5 ms
2019-04-30 10:34:13,465 [http-nio-8080-exec-9] INFO  com.zaxxer.hikari.HikariDataSource - HikariPool-1 - Starting...
2019-04-30 10:34:13,562 [http-nio-8080-exec-9] INFO  com.zaxxer.hikari.HikariDataSource - HikariPool-1 - Start completed.
2019-04-30 10:56:24,777 [Thread-7] INFO  org.springframework.scheduling.concurrent.ThreadPoolTaskExecutor - Shutting down ExecutorService 'applicationTaskExecutor'
2019-04-30 10:56:24,778 [Thread-7] INFO  com.zaxxer.hikari.HikariDataSource - HikariPool-1 - Shutdown initiated...
2019-04-30 10:56:24,785 [Thread-7] INFO  com.zaxxer.hikari.HikariDataSource - HikariPool-1 - Shutdown completed.
2019-04-30 10:56:29,516 [main] INFO  com.example.demo.DemoApplication - Starting DemoApplication on DESKTOP-0JHC5DK with PID 28180 (D:\ideaProject\boot\target\classes started by lxl in D:\ideaProject\boot)
2019-04-30 10:56:29,519 [main] INFO  com.example.demo.DemoApplication - No active profile set, falling back to default profiles: default
2019-04-30 10:56:30,469 [main] INFO  org.springframework.boot.web.embedded.tomcat.TomcatWebServer - Tomcat initialized with port(s): 8080 (http)
2019-04-30 10:56:30,480 [main] INFO  org.apache.coyote.http11.Http11NioProtocol - Initializing ProtocolHandler ["http-nio-8080"]
2019-04-30 10:56:30,487 [main] INFO  org.apache.catalina.core.StandardService - Starting service [Tomcat]
2019-04-30 10:56:30,487 [main] INFO  org.apache.catalina.core.StandardEngine - Starting Servlet engine: [Apache Tomcat/9.0.17]
2019-04-30 10:56:30,632 [main] INFO  org.apache.catalina.core.ContainerBase.[Tomcat].[localhost].[/] - Initializing Spring embedded WebApplicationContext
2019-04-30 10:56:30,632 [main] INFO  org.springframework.web.context.ContextLoader - Root WebApplicationContext: initialization completed in 1041 ms
2019-04-30 10:56:31,050 [main] INFO  org.springframework.scheduling.concurrent.ThreadPoolTaskExecutor - Initializing ExecutorService 'applicationTaskExecutor'
2019-04-30 10:56:31,166 [main] INFO  org.springframework.boot.autoconfigure.web.servlet.WelcomePageHandlerMapping - Adding welcome page template: index
2019-04-30 10:56:31,256 [main] INFO  org.apache.coyote.http11.Http11NioProtocol - Starting ProtocolHandler ["http-nio-8080"]
2019-04-30 10:56:31,276 [main] INFO  org.springframework.boot.web.embedded.tomcat.TomcatWebServer - Tomcat started on port(s): 8080 (http) with context path ''
2019-04-30 10:56:31,279 [main] INFO  com.example.demo.DemoApplication - Started DemoApplication in 2.33 seconds (JVM running for 3.328)
2019-04-30 10:56:38,821 [http-nio-8080-exec-1] INFO  org.apache.catalina.core.ContainerBase.[Tomcat].[localhost].[/] - Initializing Spring DispatcherServlet 'dispatcherServlet'
2019-04-30 10:56:38,821 [http-nio-8080-exec-1] INFO  org.springframework.web.servlet.DispatcherServlet - Initializing Servlet 'dispatcherServlet'
2019-04-30 10:56:38,826 [http-nio-8080-exec-1] INFO  org.springframework.web.servlet.DispatcherServlet - Completed initialization in 5 ms
2019-04-30 10:56:39,422 [http-nio-8080-exec-8] INFO  com.zaxxer.hikari.HikariDataSource - HikariPool-1 - Starting...
2019-04-30 10:56:39,518 [http-nio-8080-exec-8] INFO  com.zaxxer.hikari.HikariDataSource - HikariPool-1 - Start completed.
2019-04-30 10:57:04,132 [Thread-7] INFO  org.springframework.scheduling.concurrent.ThreadPoolTaskExecutor - Shutting down ExecutorService 'applicationTaskExecutor'
2019-04-30 10:57:04,133 [Thread-7] INFO  com.zaxxer.hikari.HikariDataSource - HikariPool-1 - Shutdown initiated...
2019-04-30 10:57:04,139 [Thread-7] INFO  com.zaxxer.hikari.HikariDataSource - HikariPool-1 - Shutdown completed.
2019-04-30 10:57:07,305 [main] INFO  com.example.demo.DemoApplication - Starting DemoApplication on DESKTOP-0JHC5DK with PID 28608 (D:\ideaProject\boot\target\classes started by lxl in D:\ideaProject\boot)
2019-04-30 10:57:07,308 [main] INFO  com.example.demo.DemoApplication - No active profile set, falling back to default profiles: default
2019-04-30 10:57:08,256 [main] INFO  org.springframework.boot.web.embedded.tomcat.TomcatWebServer - Tomcat initialized with port(s): 8080 (http)
2019-04-30 10:57:08,267 [main] INFO  org.apache.coyote.http11.Http11NioProtocol - Initializing ProtocolHandler ["http-nio-8080"]
2019-04-30 10:57:08,274 [main] INFO  org.apache.catalina.core.StandardService - Starting service [Tomcat]
2019-04-30 10:57:08,274 [main] INFO  org.apache.catalina.core.StandardEngine - Starting Servlet engine: [Apache Tomcat/9.0.17]
2019-04-30 10:57:08,425 [main] INFO  org.apache.catalina.core.ContainerBase.[Tomcat].[localhost].[/] - Initializing Spring embedded WebApplicationContext
2019-04-30 10:57:08,425 [main] INFO  org.springframework.web.context.ContextLoader - Root WebApplicationContext: initialization completed in 1040 ms
2019-04-30 10:57:08,828 [main] INFO  org.springframework.scheduling.concurrent.ThreadPoolTaskExecutor - Initializing ExecutorService 'applicationTaskExecutor'
2019-04-30 10:57:08,930 [main] INFO  org.springframework.boot.autoconfigure.web.servlet.WelcomePageHandlerMapping - Adding welcome page template: index
2019-04-30 10:57:09,019 [main] INFO  org.apache.coyote.http11.Http11NioProtocol - Starting ProtocolHandler ["http-nio-8080"]
2019-04-30 10:57:09,041 [main] INFO  org.springframework.boot.web.embedded.tomcat.TomcatWebServer - Tomcat started on port(s): 8080 (http) with context path ''
2019-04-30 10:57:09,044 [main] INFO  com.example.demo.DemoApplication - Started DemoApplication in 2.299 seconds (JVM running for 3.159)
2019-04-30 10:57:18,183 [http-nio-8080-exec-2] INFO  org.apache.catalina.core.ContainerBase.[Tomcat].[localhost].[/] - Initializing Spring DispatcherServlet 'dispatcherServlet'
2019-04-30 10:57:18,183 [http-nio-8080-exec-2] INFO  org.springframework.web.servlet.DispatcherServlet - Initializing Servlet 'dispatcherServlet'
2019-04-30 10:57:18,188 [http-nio-8080-exec-2] INFO  org.springframework.web.servlet.DispatcherServlet - Completed initialization in 5 ms
2019-04-30 10:57:18,740 [http-nio-8080-exec-2] INFO  com.zaxxer.hikari.HikariDataSource - HikariPool-1 - Starting...
2019-04-30 10:57:18,841 [http-nio-8080-exec-2] INFO  com.zaxxer.hikari.HikariDataSource - HikariPool-1 - Start completed.
2019-04-30 11:17:01,965 [Thread-7] INFO  org.springframework.scheduling.concurrent.ThreadPoolTaskExecutor - Shutting down ExecutorService 'applicationTaskExecutor'
2019-04-30 11:17:01,966 [Thread-7] INFO  com.zaxxer.hikari.HikariDataSource - HikariPool-1 - Shutdown initiated...
2019-04-30 11:17:01,972 [Thread-7] INFO  com.zaxxer.hikari.HikariDataSource - HikariPool-1 - Shutdown completed.
2019-04-30 11:17:07,479 [main] INFO  com.example.demo.DemoApplication - Starting DemoApplication on DESKTOP-0JHC5DK with PID 10040 (D:\ideaProject\boot\target\classes started by lxl in D:\ideaProject\boot)
2019-04-30 11:17:07,481 [main] INFO  com.example.demo.DemoApplication - No active profile set, falling back to default profiles: default
2019-04-30 11:17:08,424 [main] INFO  org.springframework.boot.web.embedded.tomcat.TomcatWebServer - Tomcat initialized with port(s): 8080 (http)
2019-04-30 11:17:08,435 [main] INFO  org.apache.coyote.http11.Http11NioProtocol - Initializing ProtocolHandler ["http-nio-8080"]
2019-04-30 11:17:08,441 [main] INFO  org.apache.catalina.core.StandardService - Starting service [Tomcat]
2019-04-30 11:17:08,442 [main] INFO  org.apache.catalina.core.StandardEngine - Starting Servlet engine: [Apache Tomcat/9.0.17]
2019-04-30 11:17:08,593 [main] INFO  org.apache.catalina.core.ContainerBase.[Tomcat].[localhost].[/] - Initializing Spring embedded WebApplicationContext
2019-04-30 11:17:08,594 [main] INFO  org.springframework.web.context.ContextLoader - Root WebApplicationContext: initialization completed in 1041 ms
2019-04-30 11:17:09,010 [main] INFO  org.springframework.scheduling.concurrent.ThreadPoolTaskExecutor - Initializing ExecutorService 'applicationTaskExecutor'
2019-04-30 11:17:09,122 [main] INFO  org.springframework.boot.autoconfigure.web.servlet.WelcomePageHandlerMapping - Adding welcome page template: index
2019-04-30 11:17:09,213 [main] INFO  org.apache.coyote.http11.Http11NioProtocol - Starting ProtocolHandler ["http-nio-8080"]
2019-04-30 11:17:09,235 [main] INFO  org.springframework.boot.web.embedded.tomcat.TomcatWebServer - Tomcat started on port(s): 8080 (http) with context path ''
2019-04-30 11:17:09,237 [main] INFO  com.example.demo.DemoApplication - Started DemoApplication in 2.347 seconds (JVM running for 3.235)
2019-04-30 11:17:36,948 [Thread-7] INFO  org.springframework.scheduling.concurrent.ThreadPoolTaskExecutor - Shutting down ExecutorService 'applicationTaskExecutor'
2019-04-30 11:17:41,565 [main] INFO  com.example.demo.DemoApplication - Starting DemoApplication on DESKTOP-0JHC5DK with PID 12460 (D:\ideaProject\boot\target\classes started by lxl in D:\ideaProject\boot)
2019-04-30 11:17:41,569 [main] INFO  com.example.demo.DemoApplication - No active profile set, falling back to default profiles: default
2019-04-30 11:17:42,511 [main] INFO  org.springframework.boot.web.embedded.tomcat.TomcatWebServer - Tomcat initialized with port(s): 8080 (http)
2019-04-30 11:17:42,523 [main] INFO  org.apache.coyote.http11.Http11NioProtocol - Initializing ProtocolHandler ["http-nio-8080"]
2019-04-30 11:17:42,530 [main] INFO  org.apache.catalina.core.StandardService - Starting service [Tomcat]
2019-04-30 11:17:42,530 [main] INFO  org.apache.catalina.core.StandardEngine - Starting Servlet engine: [Apache Tomcat/9.0.17]
2019-04-30 11:17:42,689 [main] INFO  org.apache.catalina.core.ContainerBase.[Tomcat].[localhost].[/] - Initializing Spring embedded WebApplicationContext
2019-04-30 11:17:42,689 [main] INFO  org.springframework.web.context.ContextLoader - Root WebApplicationContext: initialization completed in 1047 ms
2019-04-30 11:17:43,102 [main] INFO  org.springframework.scheduling.concurrent.ThreadPoolTaskExecutor - Initializing ExecutorService 'applicationTaskExecutor'
2019-04-30 11:17:43,208 [main] INFO  org.springframework.boot.autoconfigure.web.servlet.WelcomePageHandlerMapping - Adding welcome page template: index
2019-04-30 11:17:43,295 [main] INFO  org.apache.coyote.http11.Http11NioProtocol - Starting ProtocolHandler ["http-nio-8080"]
2019-04-30 11:17:43,316 [main] INFO  org.springframework.boot.web.embedded.tomcat.TomcatWebServer - Tomcat started on port(s): 8080 (http) with context path ''
2019-04-30 11:17:43,318 [main] INFO  com.example.demo.DemoApplication - Started DemoApplication in 2.333 seconds (JVM running for 3.236)
2019-04-30 11:17:55,853 [Thread-7] INFO  org.springframework.scheduling.concurrent.ThreadPoolTaskExecutor - Shutting down ExecutorService 'applicationTaskExecutor'
2019-04-30 11:18:00,492 [main] INFO  com.example.demo.DemoApplication - Starting DemoApplication on DESKTOP-0JHC5DK with PID 2980 (D:\ideaProject\boot\target\classes started by lxl in D:\ideaProject\boot)
2019-04-30 11:18:00,495 [main] INFO  com.example.demo.DemoApplication - No active profile set, falling back to default profiles: default
2019-04-30 11:18:01,446 [main] INFO  org.springframework.boot.web.embedded.tomcat.TomcatWebServer - Tomcat initialized with port(s): 8080 (http)
2019-04-30 11:18:01,456 [main] INFO  org.apache.coyote.http11.Http11NioProtocol - Initializing ProtocolHandler ["http-nio-8080"]
2019-04-30 11:18:01,464 [main] INFO  org.apache.catalina.core.StandardService - Starting service [Tomcat]
2019-04-30 11:18:01,464 [main] INFO  org.apache.catalina.core.StandardEngine - Starting Servlet engine: [Apache Tomcat/9.0.17]
2019-04-30 11:18:01,609 [main] INFO  org.apache.catalina.core.ContainerBase.[Tomcat].[localhost].[/] - Initializing Spring embedded WebApplicationContext
2019-04-30 11:18:01,610 [main] INFO  org.springframework.web.context.ContextLoader - Root WebApplicationContext: initialization completed in 1044 ms
2019-04-30 11:18:02,018 [main] INFO  org.springframework.scheduling.concurrent.ThreadPoolTaskExecutor - Initializing ExecutorService 'applicationTaskExecutor'
2019-04-30 11:18:02,126 [main] INFO  org.springframework.boot.autoconfigure.web.servlet.WelcomePageHandlerMapping - Adding welcome page template: index
2019-04-30 11:18:02,214 [main] INFO  org.apache.coyote.http11.Http11NioProtocol - Starting ProtocolHandler ["http-nio-8080"]
2019-04-30 11:18:02,234 [main] INFO  org.springframework.boot.web.embedded.tomcat.TomcatWebServer - Tomcat started on port(s): 8080 (http) with context path ''
2019-04-30 11:18:02,237 [main] INFO  com.example.demo.DemoApplication - Started DemoApplication in 2.296 seconds (JVM running for 3.17)
2019-04-30 11:18:11,082 [http-nio-8080-exec-1] INFO  org.apache.catalina.core.ContainerBase.[Tomcat].[localhost].[/] - Initializing Spring DispatcherServlet 'dispatcherServlet'
2019-04-30 11:18:11,083 [http-nio-8080-exec-1] INFO  org.springframework.web.servlet.DispatcherServlet - Initializing Servlet 'dispatcherServlet'
2019-04-30 11:18:11,088 [http-nio-8080-exec-1] INFO  org.springframework.web.servlet.DispatcherServlet - Completed initialization in 5 ms
2019-04-30 11:18:11,631 [http-nio-8080-exec-8] INFO  com.zaxxer.hikari.HikariDataSource - HikariPool-1 - Starting...
2019-04-30 11:18:11,728 [http-nio-8080-exec-8] INFO  com.zaxxer.hikari.HikariDataSource - HikariPool-1 - Start completed.
2019-04-30 11:19:07,357 [Thread-7] INFO  org.springframework.scheduling.concurrent.ThreadPoolTaskExecutor - Shutting down ExecutorService 'applicationTaskExecutor'
2019-04-30 11:19:07,358 [Thread-7] INFO  com.zaxxer.hikari.HikariDataSource - HikariPool-1 - Shutdown initiated...
2019-04-30 11:19:07,364 [Thread-7] INFO  com.zaxxer.hikari.HikariDataSource - HikariPool-1 - Shutdown completed.
2019-04-30 11:19:11,806 [main] INFO  com.example.demo.DemoApplication - Starting DemoApplication on DESKTOP-0JHC5DK with PID 18328 (D:\ideaProject\boot\target\classes started by lxl in D:\ideaProject\boot)
2019-04-30 11:19:11,809 [main] INFO  com.example.demo.DemoApplication - No active profile set, falling back to default profiles: default
2019-04-30 11:19:12,730 [main] INFO  org.springframework.boot.web.embedded.tomcat.TomcatWebServer - Tomcat initialized with port(s): 8080 (http)
2019-04-30 11:19:12,741 [main] INFO  org.apache.coyote.http11.Http11NioProtocol - Initializing ProtocolHandler ["http-nio-8080"]
2019-04-30 11:19:12,748 [main] INFO  org.apache.catalina.core.StandardService - Starting service [Tomcat]
2019-04-30 11:19:12,748 [main] INFO  org.apache.catalina.core.StandardEngine - Starting Servlet engine: [Apache Tomcat/9.0.17]
2019-04-30 11:19:12,888 [main] INFO  org.apache.catalina.core.ContainerBase.[Tomcat].[localhost].[/] - Initializing Spring embedded WebApplicationContext
2019-04-30 11:19:12,889 [main] INFO  org.springframework.web.context.ContextLoader - Root WebApplicationContext: initialization completed in 1008 ms
2019-04-30 11:19:13,295 [main] INFO  org.springframework.scheduling.concurrent.ThreadPoolTaskExecutor - Initializing ExecutorService 'applicationTaskExecutor'
2019-04-30 11:19:13,400 [main] INFO  org.springframework.boot.autoconfigure.web.servlet.WelcomePageHandlerMapping - Adding welcome page template: index
2019-04-30 11:19:13,488 [main] INFO  org.apache.coyote.http11.Http11NioProtocol - Starting ProtocolHandler ["http-nio-8080"]
2019-04-30 11:19:13,509 [main] INFO  org.springframework.boot.web.embedded.tomcat.TomcatWebServer - Tomcat started on port(s): 8080 (http) with context path ''
2019-04-30 11:19:13,512 [main] INFO  com.example.demo.DemoApplication - Started DemoApplication in 2.257 seconds (JVM running for 3.122)
2019-04-30 11:19:15,692 [http-nio-8080-exec-1] INFO  org.apache.catalina.core.ContainerBase.[Tomcat].[localhost].[/] - Initializing Spring DispatcherServlet 'dispatcherServlet'
2019-04-30 11:19:15,692 [http-nio-8080-exec-1] INFO  org.springframework.web.servlet.DispatcherServlet - Initializing Servlet 'dispatcherServlet'
2019-04-30 11:19:15,697 [http-nio-8080-exec-1] INFO  org.springframework.web.servlet.DispatcherServlet - Completed initialization in 5 ms
2019-04-30 11:19:15,724 [http-nio-8080-exec-1] INFO  com.zaxxer.hikari.HikariDataSource - HikariPool-1 - Starting...
2019-04-30 11:19:15,819 [http-nio-8080-exec-1] INFO  com.zaxxer.hikari.HikariDataSource - HikariPool-1 - Start completed.
2019-04-30 11:20:41,443 [Thread-7] INFO  org.springframework.scheduling.concurrent.ThreadPoolTaskExecutor - Shutting down ExecutorService 'applicationTaskExecutor'
2019-04-30 11:20:41,443 [Thread-7] INFO  com.zaxxer.hikari.HikariDataSource - HikariPool-1 - Shutdown initiated...
2019-04-30 11:20:41,449 [Thread-7] INFO  com.zaxxer.hikari.HikariDataSource - HikariPool-1 - Shutdown completed.
2019-04-30 11:20:44,905 [main] INFO  com.example.demo.DemoApplication - Starting DemoApplication on DESKTOP-0JHC5DK with PID 25472 (D:\ideaProject\boot\target\classes started by lxl in D:\ideaProject\boot)
2019-04-30 11:20:44,908 [main] INFO  com.example.demo.DemoApplication - No active profile set, falling back to default profiles: default
2019-04-30 11:20:45,851 [main] INFO  org.springframework.boot.web.embedded.tomcat.TomcatWebServer - Tomcat initialized with port(s): 8080 (http)
2019-04-30 11:20:45,862 [main] INFO  org.apache.coyote.http11.Http11NioProtocol - Initializing ProtocolHandler ["http-nio-8080"]
2019-04-30 11:20:45,869 [main] INFO  org.apache.catalina.core.StandardService - Starting service [Tomcat]
2019-04-30 11:20:45,870 [main] INFO  org.apache.catalina.core.StandardEngine - Starting Servlet engine: [Apache Tomcat/9.0.17]
2019-04-30 11:20:46,015 [main] INFO  org.apache.catalina.core.ContainerBase.[Tomcat].[localhost].[/] - Initializing Spring embedded WebApplicationContext
2019-04-30 11:20:46,015 [main] INFO  org.springframework.web.context.ContextLoader - Root WebApplicationContext: initialization completed in 1038 ms
2019-04-30 11:20:46,430 [main] INFO  org.springframework.scheduling.concurrent.ThreadPoolTaskExecutor - Initializing ExecutorService 'applicationTaskExecutor'
2019-04-30 11:20:46,549 [main] INFO  org.springframework.boot.autoconfigure.web.servlet.WelcomePageHandlerMapping - Adding welcome page template: index
2019-04-30 11:20:46,652 [main] INFO  org.apache.coyote.http11.Http11NioProtocol - Starting ProtocolHandler ["http-nio-8080"]
2019-04-30 11:20:46,676 [main] INFO  org.springframework.boot.web.embedded.tomcat.TomcatWebServer - Tomcat started on port(s): 8080 (http) with context path ''
2019-04-30 11:20:46,679 [main] INFO  com.example.demo.DemoApplication - Started DemoApplication in 2.368 seconds (JVM running for 3.296)
2019-04-30 11:20:50,331 [http-nio-8080-exec-1] INFO  org.apache.catalina.core.ContainerBase.[Tomcat].[localhost].[/] - Initializing Spring DispatcherServlet 'dispatcherServlet'
2019-04-30 11:20:50,331 [http-nio-8080-exec-1] INFO  org.springframework.web.servlet.DispatcherServlet - Initializing Servlet 'dispatcherServlet'
2019-04-30 11:20:50,337 [http-nio-8080-exec-1] INFO  org.springframework.web.servlet.DispatcherServlet - Completed initialization in 6 ms
2019-04-30 11:20:50,364 [http-nio-8080-exec-1] INFO  com.zaxxer.hikari.HikariDataSource - HikariPool-1 - Starting...
2019-04-30 11:20:50,463 [http-nio-8080-exec-1] INFO  com.zaxxer.hikari.HikariDataSource - HikariPool-1 - Start completed.
2019-04-30 11:21:48,899 [Thread-7] INFO  org.springframework.scheduling.concurrent.ThreadPoolTaskExecutor - Shutting down ExecutorService 'applicationTaskExecutor'
2019-04-30 11:21:48,900 [Thread-7] INFO  com.zaxxer.hikari.HikariDataSource - HikariPool-1 - Shutdown initiated...
2019-04-30 11:21:48,906 [Thread-7] INFO  com.zaxxer.hikari.HikariDataSource - HikariPool-1 - Shutdown completed.
2019-04-30 11:21:54,657 [main] INFO  com.example.demo.DemoApplication - Starting DemoApplication on DESKTOP-0JHC5DK with PID 21664 (D:\ideaProject\boot\target\classes started by lxl in D:\ideaProject\boot)
2019-04-30 11:21:54,661 [main] INFO  com.example.demo.DemoApplication - No active profile set, falling back to default profiles: default
2019-04-30 11:21:55,605 [main] INFO  org.springframework.boot.web.embedded.tomcat.TomcatWebServer - Tomcat initialized with port(s): 8080 (http)
2019-04-30 11:21:55,617 [main] INFO  org.apache.coyote.http11.Http11NioProtocol - Initializing ProtocolHandler ["http-nio-8080"]
2019-04-30 11:21:55,624 [main] INFO  org.apache.catalina.core.StandardService - Starting service [Tomcat]
2019-04-30 11:21:55,625 [main] INFO  org.apache.catalina.core.StandardEngine - Starting Servlet engine: [Apache Tomcat/9.0.17]
2019-04-30 11:21:55,771 [main] INFO  org.apache.catalina.core.ContainerBase.[Tomcat].[localhost].[/] - Initializing Spring embedded WebApplicationContext
2019-04-30 11:21:55,771 [main] INFO  org.springframework.web.context.ContextLoader - Root WebApplicationContext: initialization completed in 1038 ms
2019-04-30 11:21:56,198 [main] INFO  org.springframework.scheduling.concurrent.ThreadPoolTaskExecutor - Initializing ExecutorService 'applicationTaskExecutor'
2019-04-30 11:21:56,303 [main] INFO  org.springframework.boot.autoconfigure.web.servlet.WelcomePageHandlerMapping - Adding welcome page template: index
2019-04-30 11:21:56,392 [main] INFO  org.apache.coyote.http11.Http11NioProtocol - Starting ProtocolHandler ["http-nio-8080"]
2019-04-30 11:21:56,413 [main] INFO  org.springframework.boot.web.embedded.tomcat.TomcatWebServer - Tomcat started on port(s): 8080 (http) with context path ''
2019-04-30 11:21:56,416 [main] INFO  com.example.demo.DemoApplication - Started DemoApplication in 2.316 seconds (JVM running for 3.177)
2019-04-30 11:22:00,832 [http-nio-8080-exec-1] INFO  org.apache.catalina.core.ContainerBase.[Tomcat].[localhost].[/] - Initializing Spring DispatcherServlet 'dispatcherServlet'
2019-04-30 11:22:00,832 [http-nio-8080-exec-1] INFO  org.springframework.web.servlet.DispatcherServlet - Initializing Servlet 'dispatcherServlet'
2019-04-30 11:22:00,837 [http-nio-8080-exec-1] INFO  org.springframework.web.servlet.DispatcherServlet - Completed initialization in 5 ms
2019-04-30 11:22:00,864 [http-nio-8080-exec-1] INFO  com.zaxxer.hikari.HikariDataSource - HikariPool-1 - Starting...
2019-04-30 11:22:00,956 [http-nio-8080-exec-1] INFO  com.zaxxer.hikari.HikariDataSource - HikariPool-1 - Start completed.
2019-04-30 13:51:32,659 [Thread-7] INFO  org.springframework.scheduling.concurrent.ThreadPoolTaskExecutor - Shutting down ExecutorService 'applicationTaskExecutor'
2019-04-30 13:51:32,660 [Thread-7] INFO  com.zaxxer.hikari.HikariDataSource - HikariPool-1 - Shutdown initiated...
2019-04-30 13:51:32,665 [Thread-7] INFO  com.zaxxer.hikari.HikariDataSource - HikariPool-1 - Shutdown completed.
2019-04-30 13:51:36,307 [main] INFO  com.example.demo.DemoApplication - Starting DemoApplication on DESKTOP-0JHC5DK with PID 26540 (D:\ideaProject\boot\target\classes started by lxl in D:\ideaProject\boot)
2019-04-30 13:51:36,309 [main] INFO  com.example.demo.DemoApplication - No active profile set, falling back to default profiles: default
2019-04-30 13:51:37,231 [main] INFO  org.springframework.boot.web.embedded.tomcat.TomcatWebServer - Tomcat initialized with port(s): 8080 (http)
2019-04-30 13:51:37,241 [main] INFO  org.apache.coyote.http11.Http11NioProtocol - Initializing ProtocolHandler ["http-nio-8080"]
2019-04-30 13:51:37,247 [main] INFO  org.apache.catalina.core.StandardService - Starting service [Tomcat]
2019-04-30 13:51:37,247 [main] INFO  org.apache.catalina.core.StandardEngine - Starting Servlet engine: [Apache Tomcat/9.0.17]
2019-04-30 13:51:37,390 [main] INFO  org.apache.catalina.core.ContainerBase.[Tomcat].[localhost].[/] - Initializing Spring embedded WebApplicationContext
2019-04-30 13:51:37,390 [main] INFO  org.springframework.web.context.ContextLoader - Root WebApplicationContext: initialization completed in 1008 ms
2019-04-30 13:51:37,790 [main] INFO  org.springframework.scheduling.concurrent.ThreadPoolTaskExecutor - Initializing ExecutorService 'applicationTaskExecutor'
2019-04-30 13:51:37,895 [main] INFO  org.springframework.boot.autoconfigure.web.servlet.WelcomePageHandlerMapping - Adding welcome page template: index
2019-04-30 13:51:37,983 [main] INFO  org.apache.coyote.http11.Http11NioProtocol - Starting ProtocolHandler ["http-nio-8080"]
2019-04-30 13:51:38,004 [main] INFO  org.springframework.boot.web.embedded.tomcat.TomcatWebServer - Tomcat started on port(s): 8080 (http) with context path ''
2019-04-30 13:51:38,006 [main] INFO  com.example.demo.DemoApplication - Started DemoApplication in 2.282 seconds (JVM running for 3.181)
2019-04-30 13:51:52,450 [http-nio-8080-exec-1] INFO  org.apache.catalina.core.ContainerBase.[Tomcat].[localhost].[/] - Initializing Spring DispatcherServlet 'dispatcherServlet'
2019-04-30 13:51:52,450 [http-nio-8080-exec-1] INFO  org.springframework.web.servlet.DispatcherServlet - Initializing Servlet 'dispatcherServlet'
2019-04-30 13:51:52,454 [http-nio-8080-exec-1] INFO  org.springframework.web.servlet.DispatcherServlet - Completed initialization in 4 ms
2019-04-30 13:51:52,482 [http-nio-8080-exec-1] INFO  com.zaxxer.hikari.HikariDataSource - HikariPool-1 - Starting...
2019-04-30 13:51:52,603 [http-nio-8080-exec-1] INFO  com.zaxxer.hikari.HikariDataSource - HikariPool-1 - Start completed.
2019-04-30 13:52:28,033 [Thread-7] INFO  org.springframework.scheduling.concurrent.ThreadPoolTaskExecutor - Shutting down ExecutorService 'applicationTaskExecutor'
2019-04-30 13:52:28,034 [Thread-7] INFO  com.zaxxer.hikari.HikariDataSource - HikariPool-1 - Shutdown initiated...
2019-04-30 13:52:28,037 [Thread-7] INFO  com.zaxxer.hikari.HikariDataSource - HikariPool-1 - Shutdown completed.
2019-04-30 13:52:31,238 [main] INFO  com.example.demo.DemoApplication - Starting DemoApplication on DESKTOP-0JHC5DK with PID 23628 (D:\ideaProject\boot\target\classes started by lxl in D:\ideaProject\boot)
2019-04-30 13:52:31,241 [main] INFO  com.example.demo.DemoApplication - No active profile set, falling back to default profiles: default
2019-04-30 13:52:32,167 [main] INFO  org.springframework.boot.web.embedded.tomcat.TomcatWebServer - Tomcat initialized with port(s): 8080 (http)
2019-04-30 13:52:32,178 [main] INFO  org.apache.coyote.http11.Http11NioProtocol - Initializing ProtocolHandler ["http-nio-8080"]
2019-04-30 13:52:32,185 [main] INFO  org.apache.catalina.core.StandardService - Starting service [Tomcat]
2019-04-30 13:52:32,185 [main] INFO  org.apache.catalina.core.StandardEngine - Starting Servlet engine: [Apache Tomcat/9.0.17]
2019-04-30 13:52:32,327 [main] INFO  org.apache.catalina.core.ContainerBase.[Tomcat].[localhost].[/] - Initializing Spring embedded WebApplicationContext
2019-04-30 13:52:32,328 [main] INFO  org.springframework.web.context.ContextLoader - Root WebApplicationContext: initialization completed in 1013 ms
2019-04-30 13:52:32,736 [main] INFO  org.springframework.scheduling.concurrent.ThreadPoolTaskExecutor - Initializing ExecutorService 'applicationTaskExecutor'
2019-04-30 13:52:32,842 [main] INFO  org.springframework.boot.autoconfigure.web.servlet.WelcomePageHandlerMapping - Adding welcome page template: index
2019-04-30 13:52:32,930 [main] INFO  org.apache.coyote.http11.Http11NioProtocol - Starting ProtocolHandler ["http-nio-8080"]
2019-04-30 13:52:32,951 [main] INFO  org.springframework.boot.web.embedded.tomcat.TomcatWebServer - Tomcat started on port(s): 8080 (http) with context path ''
2019-04-30 13:52:32,953 [main] INFO  com.example.demo.DemoApplication - Started DemoApplication in 2.274 seconds (JVM running for 3.152)
2019-04-30 13:52:58,951 [http-nio-8080-exec-1] INFO  org.apache.catalina.core.ContainerBase.[Tomcat].[localhost].[/] - Initializing Spring DispatcherServlet 'dispatcherServlet'
2019-04-30 13:52:58,951 [http-nio-8080-exec-1] INFO  org.springframework.web.servlet.DispatcherServlet - Initializing Servlet 'dispatcherServlet'
2019-04-30 13:52:58,957 [http-nio-8080-exec-1] INFO  org.springframework.web.servlet.DispatcherServlet - Completed initialization in 6 ms
2019-04-30 13:52:58,984 [http-nio-8080-exec-1] INFO  com.zaxxer.hikari.HikariDataSource - HikariPool-1 - Starting...
2019-04-30 13:52:59,077 [http-nio-8080-exec-1] INFO  com.zaxxer.hikari.HikariDataSource - HikariPool-1 - Start completed.
2019-04-30 13:53:32,072 [Thread-7] INFO  org.springframework.scheduling.concurrent.ThreadPoolTaskExecutor - Shutting down ExecutorService 'applicationTaskExecutor'
2019-04-30 13:53:32,072 [Thread-7] INFO  com.zaxxer.hikari.HikariDataSource - HikariPool-1 - Shutdown initiated...
2019-04-30 13:53:32,078 [Thread-7] INFO  com.zaxxer.hikari.HikariDataSource - HikariPool-1 - Shutdown completed.
2019-04-30 13:53:35,253 [main] INFO  com.example.demo.DemoApplication - Starting DemoApplication on DESKTOP-0JHC5DK with PID 26220 (D:\ideaProject\boot\target\classes started by lxl in D:\ideaProject\boot)
2019-04-30 13:53:35,256 [main] INFO  com.example.demo.DemoApplication - No active profile set, falling back to default profiles: default
2019-04-30 13:53:36,199 [main] INFO  org.springframework.boot.web.embedded.tomcat.TomcatWebServer - Tomcat initialized with port(s): 8080 (http)
2019-04-30 13:53:36,212 [main] INFO  org.apache.coyote.http11.Http11NioProtocol - Initializing ProtocolHandler ["http-nio-8080"]
2019-04-30 13:53:36,220 [main] INFO  org.apache.catalina.core.StandardService - Starting service [Tomcat]
2019-04-30 13:53:36,220 [main] INFO  org.apache.catalina.core.StandardEngine - Starting Servlet engine: [Apache Tomcat/9.0.17]
2019-04-30 13:53:36,362 [main] INFO  org.apache.catalina.core.ContainerBase.[Tomcat].[localhost].[/] - Initializing Spring embedded WebApplicationContext
2019-04-30 13:53:36,363 [main] INFO  org.springframework.web.context.ContextLoader - Root WebApplicationContext: initialization completed in 1041 ms
2019-04-30 13:53:36,799 [main] INFO  org.springframework.scheduling.concurrent.ThreadPoolTaskExecutor - Initializing ExecutorService 'applicationTaskExecutor'
2019-04-30 13:53:36,905 [main] INFO  org.springframework.boot.autoconfigure.web.servlet.WelcomePageHandlerMapping - Adding welcome page template: index
2019-04-30 13:53:36,993 [main] INFO  org.apache.coyote.http11.Http11NioProtocol - Starting ProtocolHandler ["http-nio-8080"]
2019-04-30 13:53:37,014 [main] INFO  org.springframework.boot.web.embedded.tomcat.TomcatWebServer - Tomcat started on port(s): 8080 (http) with context path ''
2019-04-30 13:53:37,017 [main] INFO  com.example.demo.DemoApplication - Started DemoApplication in 2.364 seconds (JVM running for 3.259)
2019-04-30 13:53:40,175 [http-nio-8080-exec-1] INFO  org.apache.catalina.core.ContainerBase.[Tomcat].[localhost].[/] - Initializing Spring DispatcherServlet 'dispatcherServlet'
2019-04-30 13:53:40,175 [http-nio-8080-exec-1] INFO  org.springframework.web.servlet.DispatcherServlet - Initializing Servlet 'dispatcherServlet'
2019-04-30 13:53:40,180 [http-nio-8080-exec-1] INFO  org.springframework.web.servlet.DispatcherServlet - Completed initialization in 5 ms
2019-04-30 13:53:40,207 [http-nio-8080-exec-1] INFO  com.zaxxer.hikari.HikariDataSource - HikariPool-1 - Starting...
2019-04-30 13:53:40,299 [http-nio-8080-exec-1] INFO  com.zaxxer.hikari.HikariDataSource - HikariPool-1 - Start completed.
2019-04-30 14:24:08,494 [Thread-7] INFO  org.springframework.scheduling.concurrent.ThreadPoolTaskExecutor - Shutting down ExecutorService 'applicationTaskExecutor'
2019-04-30 14:24:08,495 [Thread-7] INFO  com.zaxxer.hikari.HikariDataSource - HikariPool-1 - Shutdown initiated...
2019-04-30 14:24:08,498 [Thread-7] INFO  com.zaxxer.hikari.HikariDataSource - HikariPool-1 - Shutdown completed.
2019-04-30 14:24:14,065 [main] INFO  com.example.demo.DemoApplication - Starting DemoApplication on DESKTOP-0JHC5DK with PID 27644 (D:\ideaProject\boot\target\classes started by lxl in D:\ideaProject\boot)
2019-04-30 14:24:14,068 [main] INFO  com.example.demo.DemoApplication - No active profile set, falling back to default profiles: default
2019-04-30 14:24:15,038 [main] INFO  org.springframework.boot.web.embedded.tomcat.TomcatWebServer - Tomcat initialized with port(s): 8080 (http)
2019-04-30 14:24:15,049 [main] INFO  org.apache.coyote.http11.Http11NioProtocol - Initializing ProtocolHandler ["http-nio-8080"]
2019-04-30 14:24:15,057 [main] INFO  org.apache.catalina.core.StandardService - Starting service [Tomcat]
2019-04-30 14:24:15,057 [main] INFO  org.apache.catalina.core.StandardEngine - Starting Servlet engine: [Apache Tomcat/9.0.17]
2019-04-30 14:24:15,207 [main] INFO  org.apache.catalina.core.ContainerBase.[Tomcat].[localhost].[/] - Initializing Spring embedded WebApplicationContext
2019-04-30 14:24:15,207 [main] INFO  org.springframework.web.context.ContextLoader - Root WebApplicationContext: initialization completed in 1064 ms
2019-04-30 14:24:15,624 [main] INFO  org.springframework.scheduling.concurrent.ThreadPoolTaskExecutor - Initializing ExecutorService 'applicationTaskExecutor'
2019-04-30 14:24:15,732 [main] INFO  org.springframework.boot.autoconfigure.web.servlet.WelcomePageHandlerMapping - Adding welcome page template: index
2019-04-30 14:24:15,820 [main] INFO  org.apache.coyote.http11.Http11NioProtocol - Starting ProtocolHandler ["http-nio-8080"]
2019-04-30 14:24:15,842 [main] INFO  org.springframework.boot.web.embedded.tomcat.TomcatWebServer - Tomcat started on port(s): 8080 (http) with context path ''
2019-04-30 14:24:15,844 [main] INFO  com.example.demo.DemoApplication - Started DemoApplication in 2.342 seconds (JVM running for 3.233)
2019-04-30 14:24:26,786 [http-nio-8080-exec-1] INFO  org.apache.catalina.core.ContainerBase.[Tomcat].[localhost].[/] - Initializing Spring DispatcherServlet 'dispatcherServlet'
2019-04-30 14:24:26,787 [http-nio-8080-exec-1] INFO  org.springframework.web.servlet.DispatcherServlet - Initializing Servlet 'dispatcherServlet'
2019-04-30 14:24:26,793 [http-nio-8080-exec-1] INFO  org.springframework.web.servlet.DispatcherServlet - Completed initialization in 6 ms
2019-04-30 14:24:26,820 [http-nio-8080-exec-1] INFO  com.zaxxer.hikari.HikariDataSource - HikariPool-1 - Starting...
2019-04-30 14:24:26,913 [http-nio-8080-exec-1] INFO  com.zaxxer.hikari.HikariDataSource - HikariPool-1 - Start completed.
2019-04-30 14:28:03,892 [Thread-7] INFO  org.springframework.scheduling.concurrent.ThreadPoolTaskExecutor - Shutting down ExecutorService 'applicationTaskExecutor'
2019-04-30 14:28:03,893 [Thread-7] INFO  com.zaxxer.hikari.HikariDataSource - HikariPool-1 - Shutdown initiated...
2019-04-30 14:28:03,905 [Thread-7] INFO  com.zaxxer.hikari.HikariDataSource - HikariPool-1 - Shutdown completed.
2019-04-30 14:28:08,650 [main] INFO  com.example.demo.DemoApplication - Starting DemoApplication on DESKTOP-0JHC5DK with PID 1196 (D:\ideaProject\boot\target\classes started by lxl in D:\ideaProject\boot)
2019-04-30 14:28:08,653 [main] INFO  com.example.demo.DemoApplication - No active profile set, falling back to default profiles: default
2019-04-30 14:28:09,626 [main] INFO  org.springframework.boot.web.embedded.tomcat.TomcatWebServer - Tomcat initialized with port(s): 8080 (http)
2019-04-30 14:28:09,638 [main] INFO  org.apache.coyote.http11.Http11NioProtocol - Initializing ProtocolHandler ["http-nio-8080"]
2019-04-30 14:28:09,645 [main] INFO  org.apache.catalina.core.StandardService - Starting service [Tomcat]
2019-04-30 14:28:09,646 [main] INFO  org.apache.catalina.core.StandardEngine - Starting Servlet engine: [Apache Tomcat/9.0.17]
2019-04-30 14:28:09,807 [main] INFO  org.apache.catalina.core.ContainerBase.[Tomcat].[localhost].[/] - Initializing Spring embedded WebApplicationContext
2019-04-30 14:28:09,807 [main] INFO  org.springframework.web.context.ContextLoader - Root WebApplicationContext: initialization completed in 1079 ms
2019-04-30 14:28:10,230 [main] INFO  org.springframework.scheduling.concurrent.ThreadPoolTaskExecutor - Initializing ExecutorService 'applicationTaskExecutor'
2019-04-30 14:28:10,352 [main] INFO  org.springframework.boot.autoconfigure.web.servlet.WelcomePageHandlerMapping - Adding welcome page template: index
2019-04-30 14:28:10,447 [main] INFO  org.apache.coyote.http11.Http11NioProtocol - Starting ProtocolHandler ["http-nio-8080"]
2019-04-30 14:28:10,469 [main] INFO  org.springframework.boot.web.embedded.tomcat.TomcatWebServer - Tomcat started on port(s): 8080 (http) with context path ''
2019-04-30 14:28:10,472 [main] INFO  com.example.demo.DemoApplication - Started DemoApplication in 2.406 seconds (JVM running for 3.266)
2019-04-30 14:28:13,766 [http-nio-8080-exec-1] INFO  org.apache.catalina.core.ContainerBase.[Tomcat].[localhost].[/] - Initializing Spring DispatcherServlet 'dispatcherServlet'
2019-04-30 14:28:13,766 [http-nio-8080-exec-1] INFO  org.springframework.web.servlet.DispatcherServlet - Initializing Servlet 'dispatcherServlet'
2019-04-30 14:28:13,771 [http-nio-8080-exec-1] INFO  org.springframework.web.servlet.DispatcherServlet - Completed initialization in 5 ms
2019-04-30 14:28:13,812 [http-nio-8080-exec-1] INFO  com.zaxxer.hikari.HikariDataSource - HikariPool-1 - Starting...
2019-04-30 14:28:13,905 [http-nio-8080-exec-1] INFO  com.zaxxer.hikari.HikariDataSource - HikariPool-1 - Start completed.
2019-04-30 14:32:44,201 [Thread-7] INFO  org.springframework.scheduling.concurrent.ThreadPoolTaskExecutor - Shutting down ExecutorService 'applicationTaskExecutor'
2019-04-30 14:32:44,202 [Thread-7] INFO  com.zaxxer.hikari.HikariDataSource - HikariPool-1 - Shutdown initiated...
2019-04-30 14:32:44,208 [Thread-7] INFO  com.zaxxer.hikari.HikariDataSource - HikariPool-1 - Shutdown completed.
2019-04-30 14:32:49,923 [main] INFO  com.example.demo.DemoApplication - Starting DemoApplication on DESKTOP-0JHC5DK with PID 23956 (D:\ideaProject\boot\target\classes started by lxl in D:\ideaProject\boot)
2019-04-30 14:32:49,925 [main] INFO  com.example.demo.DemoApplication - No active profile set, falling back to default profiles: default
2019-04-30 14:32:50,861 [main] INFO  org.springframework.boot.web.embedded.tomcat.TomcatWebServer - Tomcat initialized with port(s): 8080 (http)
2019-04-30 14:32:50,871 [main] INFO  org.apache.coyote.http11.Http11NioProtocol - Initializing ProtocolHandler ["http-nio-8080"]
2019-04-30 14:32:50,878 [main] INFO  org.apache.catalina.core.StandardService - Starting service [Tomcat]
2019-04-30 14:32:50,878 [main] INFO  org.apache.catalina.core.StandardEngine - Starting Servlet engine: [Apache Tomcat/9.0.17]
2019-04-30 14:32:51,028 [main] INFO  org.apache.catalina.core.ContainerBase.[Tomcat].[localhost].[/] - Initializing Spring embedded WebApplicationContext
2019-04-30 14:32:51,028 [main] INFO  org.springframework.web.context.ContextLoader - Root WebApplicationContext: initialization completed in 1033 ms
2019-04-30 14:32:51,456 [main] INFO  org.springframework.scheduling.concurrent.ThreadPoolTaskExecutor - Initializing ExecutorService 'applicationTaskExecutor'
2019-04-30 14:32:51,563 [main] INFO  org.springframework.boot.autoconfigure.web.servlet.WelcomePageHandlerMapping - Adding welcome page template: index
2019-04-30 14:32:51,651 [main] INFO  org.apache.coyote.http11.Http11NioProtocol - Starting ProtocolHandler ["http-nio-8080"]
2019-04-30 14:32:51,672 [main] INFO  org.springframework.boot.web.embedded.tomcat.TomcatWebServer - Tomcat started on port(s): 8080 (http) with context path ''
2019-04-30 14:32:51,675 [main] INFO  com.example.demo.DemoApplication - Started DemoApplication in 2.357 seconds (JVM running for 3.27)
2019-04-30 14:32:54,379 [http-nio-8080-exec-1] INFO  org.apache.catalina.core.ContainerBase.[Tomcat].[localhost].[/] - Initializing Spring DispatcherServlet 'dispatcherServlet'
2019-04-30 14:32:54,379 [http-nio-8080-exec-1] INFO  org.springframework.web.servlet.DispatcherServlet - Initializing Servlet 'dispatcherServlet'
2019-04-30 14:32:54,385 [http-nio-8080-exec-1] INFO  org.springframework.web.servlet.DispatcherServlet - Completed initialization in 5 ms
2019-04-30 14:32:54,412 [http-nio-8080-exec-1] INFO  com.zaxxer.hikari.HikariDataSource - HikariPool-1 - Starting...
2019-04-30 14:32:54,505 [http-nio-8080-exec-1] INFO  com.zaxxer.hikari.HikariDataSource - HikariPool-1 - Start completed.
2019-04-30 15:09:04,293 [Thread-7] INFO  org.springframework.scheduling.concurrent.ThreadPoolTaskExecutor - Shutting down ExecutorService 'applicationTaskExecutor'
2019-04-30 15:09:04,295 [Thread-7] INFO  com.zaxxer.hikari.HikariDataSource - HikariPool-1 - Shutdown initiated...
2019-04-30 15:09:04,301 [Thread-7] INFO  com.zaxxer.hikari.HikariDataSource - HikariPool-1 - Shutdown completed.
